<?xml version="1.0" encoding="UTF-8"?>
<coverage generated="1529881531583" clover="3.2.0">
  <project timestamp="1529881531583" name="All files">
    <metrics statements="278" coveredstatements="66" conditionals="92" coveredconditionals="17" methods="139" coveredmethods="6" elements="509" coveredelements="89" complexity="0" loc="278" ncloc="278" packages="6" files="28" classes="28">
      <package name="src">
        <metrics statements="30" coveredstatements="16" conditionals="6" coveredconditionals="3" methods="12" coveredmethods="0"/>
        <file name="App.js" path="/Users/conorburke/workspace/native/seker/src/App.js">
          <metrics statements="30" coveredstatements="16" conditionals="6" coveredconditionals="3" methods="12" coveredmethods="0"/>
          <line num="21" count="1" type="stmt"/>
          <line num="23" count="1" type="cond" truecount="1" falsecount="1"/>
          <line num="24" count="1" type="cond" truecount="2" falsecount="0"/>
          <line num="27" count="1" type="stmt"/>
          <line num="31" count="1" type="stmt"/>
          <line num="33" count="0" type="stmt"/>
          <line num="37" count="1" type="stmt"/>
          <line num="39" count="0" type="stmt"/>
          <line num="43" count="1" type="stmt"/>
          <line num="45" count="0" type="stmt"/>
          <line num="49" count="1" type="stmt"/>
          <line num="51" count="0" type="stmt"/>
          <line num="55" count="1" type="stmt"/>
          <line num="57" count="0" type="stmt"/>
          <line num="61" count="1" type="stmt"/>
          <line num="63" count="0" type="stmt"/>
          <line num="65" count="1" type="stmt"/>
          <line num="67" count="0" type="stmt"/>
          <line num="71" count="1" type="stmt"/>
          <line num="73" count="0" type="stmt"/>
          <line num="77" count="1" type="stmt"/>
          <line num="79" count="0" type="stmt"/>
          <line num="83" count="1" type="stmt"/>
          <line num="85" count="0" type="stmt"/>
          <line num="89" count="1" type="stmt"/>
          <line num="91" count="0" type="stmt"/>
          <line num="96" count="1" type="stmt"/>
          <line num="98" count="0" type="cond" truecount="0" falsecount="2"/>
          <line num="99" count="0" type="stmt"/>
          <line num="102" count="0" type="stmt"/>
        </file>
      </package>
      <package name="src.actions">
        <metrics statements="53" coveredstatements="19" conditionals="4" coveredconditionals="0" methods="27" coveredmethods="0"/>
        <file name="index.js" path="/Users/conorburke/workspace/native/seker/src/actions/index.js">
          <metrics statements="44" coveredstatements="10" conditionals="4" coveredconditionals="0" methods="27" coveredmethods="0"/>
          <line num="16" count="1" type="stmt"/>
          <line num="17" count="0" type="stmt"/>
          <line num="18" count="0" type="cond" truecount="0" falsecount="2"/>
          <line num="19" count="0" type="stmt"/>
          <line num="20" count="0" type="stmt"/>
          <line num="22" count="0" type="stmt"/>
          <line num="24" count="0" type="cond" truecount="0" falsecount="2"/>
          <line num="25" count="0" type="stmt"/>
          <line num="34" count="1" type="stmt"/>
          <line num="35" count="0" type="stmt"/>
          <line num="38" count="1" type="stmt"/>
          <line num="39" count="0" type="stmt"/>
          <line num="42" count="1" type="stmt"/>
          <line num="43" count="0" type="stmt"/>
          <line num="44" count="0" type="stmt"/>
          <line num="45" count="0" type="stmt"/>
          <line num="46" count="0" type="stmt"/>
          <line num="47" count="0" type="stmt"/>
          <line num="51" count="1" type="stmt"/>
          <line num="52" count="0" type="stmt"/>
          <line num="53" count="0" type="stmt"/>
          <line num="54" count="0" type="stmt"/>
          <line num="58" count="1" type="stmt"/>
          <line num="59" count="0" type="stmt"/>
          <line num="60" count="0" type="stmt"/>
          <line num="62" count="0" type="stmt"/>
          <line num="63" count="0" type="stmt"/>
          <line num="68" count="1" type="stmt"/>
          <line num="72" count="0" type="stmt"/>
          <line num="73" count="0" type="stmt"/>
          <line num="74" count="0" type="stmt"/>
          <line num="78" count="1" type="stmt"/>
          <line num="79" count="0" type="stmt"/>
          <line num="80" count="0" type="stmt"/>
          <line num="82" count="0" type="stmt"/>
          <line num="83" count="0" type="stmt"/>
          <line num="88" count="1" type="stmt"/>
          <line num="89" count="0" type="stmt"/>
          <line num="90" count="0" type="stmt"/>
          <line num="91" count="0" type="stmt"/>
          <line num="95" count="1" type="stmt"/>
          <line num="96" count="0" type="stmt"/>
          <line num="97" count="0" type="stmt"/>
          <line num="98" count="0" type="stmt"/>
        </file>
        <file name="types.js" path="/Users/conorburke/workspace/native/seker/src/actions/types.js">
          <metrics statements="9" coveredstatements="9" conditionals="0" coveredconditionals="0" methods="0" coveredmethods="0"/>
          <line num="1" count="1" type="stmt"/>
          <line num="2" count="1" type="stmt"/>
          <line num="3" count="1" type="stmt"/>
          <line num="4" count="1" type="stmt"/>
          <line num="5" count="1" type="stmt"/>
          <line num="6" count="1" type="stmt"/>
          <line num="7" count="1" type="stmt"/>
          <line num="8" count="1" type="stmt"/>
          <line num="9" count="1" type="stmt"/>
        </file>
      </package>
      <package name="src.components">
        <metrics statements="24" coveredstatements="4" conditionals="0" coveredconditionals="0" methods="16" coveredmethods="0"/>
        <file name="SignIn.js" path="/Users/conorburke/workspace/native/seker/src/components/SignIn.js">
          <metrics statements="13" coveredstatements="1" conditionals="0" coveredconditionals="0" methods="9" coveredmethods="0"/>
          <line num="11" count="1" type="stmt"/>
          <line num="23" count="0" type="stmt"/>
          <line num="24" count="0" type="stmt"/>
          <line num="25" count="0" type="stmt"/>
          <line num="29" count="0" type="stmt"/>
          <line num="31" count="0" type="stmt"/>
          <line num="32" count="0" type="stmt"/>
          <line num="33" count="0" type="stmt"/>
          <line num="35" count="0" type="stmt"/>
          <line num="41" count="0" type="stmt"/>
          <line num="45" count="0" type="stmt"/>
          <line num="51" count="0" type="stmt"/>
          <line num="62" count="0" type="stmt"/>
        </file>
        <file name="Tool.js" path="/Users/conorburke/workspace/native/seker/src/components/Tool.js">
          <metrics statements="6" coveredstatements="1" conditionals="0" coveredconditionals="0" methods="4" coveredmethods="0"/>
          <line num="11" count="0" type="stmt"/>
          <line num="20" count="0" type="stmt"/>
          <line num="21" count="0" type="stmt"/>
          <line num="25" count="0" type="stmt"/>
          <line num="57" count="1" type="stmt"/>
          <line num="86" count="0" type="stmt"/>
        </file>
        <file name="ToolDetail.js" path="/Users/conorburke/workspace/native/seker/src/components/ToolDetail.js">
          <metrics statements="2" coveredstatements="1" conditionals="0" coveredconditionals="0" methods="1" coveredmethods="0"/>
          <line num="6" count="0" type="stmt"/>
          <line num="22" count="1" type="stmt"/>
        </file>
        <file name="User.js" path="/Users/conorburke/workspace/native/seker/src/components/User.js">
          <metrics statements="3" coveredstatements="1" conditionals="0" coveredconditionals="0" methods="2" coveredmethods="0"/>
          <line num="7" count="0" type="stmt"/>
          <line num="16" count="0" type="stmt"/>
          <line num="30" count="1" type="stmt"/>
        </file>
      </package>
      <package name="src.reducers">
        <metrics statements="22" coveredstatements="14" conditionals="28" coveredconditionals="12" methods="6" coveredmethods="6"/>
        <file name="authReducer.js" path="/Users/conorburke/workspace/native/seker/src/reducers/authReducer.js">
          <metrics statements="3" coveredstatements="2" conditionals="5" coveredconditionals="2" methods="1" coveredmethods="1"/>
          <line num="4" count="3" type="cond" truecount="1" falsecount="1"/>
          <line num="6" count="0" type="cond" truecount="0" falsecount="2"/>
          <line num="8" count="3" type="stmt"/>
        </file>
        <file name="index.js" path="/Users/conorburke/workspace/native/seker/src/reducers/index.js">
          <metrics statements="0" coveredstatements="0" conditionals="0" coveredconditionals="0" methods="0" coveredmethods="0"/>
        </file>
        <file name="profileReducer.js" path="/Users/conorburke/workspace/native/seker/src/reducers/profileReducer.js">
          <metrics statements="3" coveredstatements="2" conditionals="5" coveredconditionals="2" methods="1" coveredmethods="1"/>
          <line num="4" count="3" type="cond" truecount="1" falsecount="1"/>
          <line num="6" count="0" type="cond" truecount="0" falsecount="2"/>
          <line num="8" count="3" type="stmt"/>
        </file>
        <file name="toolReducer.js" path="/Users/conorburke/workspace/native/seker/src/reducers/toolReducer.js">
          <metrics statements="3" coveredstatements="2" conditionals="5" coveredconditionals="2" methods="1" coveredmethods="1"/>
          <line num="4" count="3" type="cond" truecount="1" falsecount="1"/>
          <line num="6" count="0" type="cond" truecount="0" falsecount="2"/>
          <line num="8" count="3" type="stmt"/>
        </file>
        <file name="toolsReducer.js" path="/Users/conorburke/workspace/native/seker/src/reducers/toolsReducer.js">
          <metrics statements="5" coveredstatements="3" conditionals="4" coveredconditionals="2" methods="1" coveredmethods="1"/>
          <line num="3" count="1" type="stmt"/>
          <line num="9" count="3" type="cond" truecount="1" falsecount="2"/>
          <line num="11" count="0" type="stmt"/>
          <line num="13" count="0" type="stmt"/>
          <line num="15" count="3" type="stmt"/>
        </file>
        <file name="userToolsReducer.js" path="/Users/conorburke/workspace/native/seker/src/reducers/userToolsReducer.js">
          <metrics statements="3" coveredstatements="2" conditionals="5" coveredconditionals="2" methods="1" coveredmethods="1"/>
          <line num="4" count="3" type="cond" truecount="1" falsecount="1"/>
          <line num="6" count="0" type="cond" truecount="0" falsecount="2"/>
          <line num="8" count="3" type="stmt"/>
        </file>
        <file name="usersReducer.js" path="/Users/conorburke/workspace/native/seker/src/reducers/usersReducer.js">
          <metrics statements="5" coveredstatements="3" conditionals="4" coveredconditionals="2" methods="1" coveredmethods="1"/>
          <line num="3" count="1" type="stmt"/>
          <line num="9" count="3" type="cond" truecount="1" falsecount="2"/>
          <line num="11" count="0" type="stmt"/>
          <line num="13" count="0" type="stmt"/>
          <line num="15" count="3" type="stmt"/>
        </file>
      </package>
      <package name="src.screens">
        <metrics statements="144" coveredstatements="10" conditionals="50" coveredconditionals="0" methods="78" coveredmethods="0"/>
        <file name="CreateProfileScreen.js" path="/Users/conorburke/workspace/native/seker/src/screens/CreateProfileScreen.js">
          <metrics statements="11" coveredstatements="1" conditionals="0" coveredconditionals="0" methods="8" coveredmethods="0"/>
          <line num="16" count="0" type="stmt"/>
          <line num="18" count="0" type="stmt"/>
          <line num="19" count="0" type="stmt"/>
          <line num="22" count="0" type="stmt"/>
          <line num="23" count="0" type="stmt"/>
          <line num="28" count="0" type="stmt"/>
          <line num="34" count="0" type="stmt"/>
          <line num="41" count="0" type="stmt"/>
          <line num="48" count="0" type="stmt"/>
          <line num="55" count="0" type="stmt"/>
          <line num="68" count="1" type="stmt"/>
        </file>
        <file name="CreateToolScreen.js" path="/Users/conorburke/workspace/native/seker/src/screens/CreateToolScreen.js">
          <metrics statements="13" coveredstatements="1" conditionals="0" coveredconditionals="0" methods="8" coveredmethods="0"/>
          <line num="16" count="0" type="stmt"/>
          <line num="17" count="0" type="stmt"/>
          <line num="19" count="0" type="stmt"/>
          <line num="20" count="0" type="stmt"/>
          <line num="23" count="0" type="stmt"/>
          <line num="24" count="0" type="stmt"/>
          <line num="26" count="0" type="stmt"/>
          <line num="33" count="0" type="stmt"/>
          <line num="39" count="0" type="stmt"/>
          <line num="46" count="0" type="stmt"/>
          <line num="53" count="0" type="stmt"/>
          <line num="66" count="0" type="stmt"/>
          <line num="69" count="1" type="stmt"/>
        </file>
        <file name="ProfileScreen.js" path="/Users/conorburke/workspace/native/seker/src/screens/ProfileScreen.js">
          <metrics statements="17" coveredstatements="1" conditionals="10" coveredconditionals="0" methods="6" coveredmethods="0"/>
          <line num="8" count="0" type="stmt"/>
          <line num="9" count="0" type="stmt"/>
          <line num="13" count="0" type="cond" truecount="0" falsecount="2"/>
          <line num="14" count="0" type="cond" truecount="0" falsecount="2"/>
          <line num="15" count="0" type="stmt"/>
          <line num="20" count="0" type="cond" truecount="0" falsecount="2"/>
          <line num="21" count="0" type="stmt"/>
          <line num="22" count="0" type="cond" truecount="0" falsecount="2"/>
          <line num="23" count="0" type="stmt"/>
          <line num="27" count="0" type="cond" truecount="0" falsecount="2"/>
          <line num="28" count="0" type="stmt"/>
          <line num="37" count="0" type="stmt"/>
          <line num="45" count="0" type="stmt"/>
          <line num="53" count="0" type="stmt"/>
          <line num="54" count="0" type="stmt"/>
          <line num="81" count="1" type="stmt"/>
          <line num="94" count="0" type="stmt"/>
        </file>
        <file name="RentToolScreen.js" path="/Users/conorburke/workspace/native/seker/src/screens/RentToolScreen.js">
          <metrics statements="8" coveredstatements="1" conditionals="0" coveredconditionals="0" methods="6" coveredmethods="0"/>
          <line num="15" count="0" type="stmt"/>
          <line num="17" count="0" type="stmt"/>
          <line num="20" count="0" type="stmt"/>
          <line num="21" count="0" type="stmt"/>
          <line num="26" count="0" type="stmt"/>
          <line num="35" count="0" type="stmt"/>
          <line num="42" count="0" type="stmt"/>
          <line num="54" count="1" type="stmt"/>
        </file>
        <file name="SideDrawerScreen.js" path="/Users/conorburke/workspace/native/seker/src/screens/SideDrawerScreen.js">
          <metrics statements="15" coveredstatements="1" conditionals="2" coveredconditionals="0" methods="7" coveredmethods="0"/>
          <line num="9" count="0" type="stmt"/>
          <line num="11" count="0" type="stmt"/>
          <line num="13" count="0" type="stmt"/>
          <line num="15" count="0" type="cond" truecount="0" falsecount="2"/>
          <line num="16" count="0" type="stmt"/>
          <line num="18" count="0" type="stmt"/>
          <line num="19" count="0" type="stmt"/>
          <line num="22" count="0" type="stmt"/>
          <line num="33" count="0" type="stmt"/>
          <line num="36" count="0" type="stmt"/>
          <line num="44" count="0" type="stmt"/>
          <line num="46" count="0" type="stmt"/>
          <line num="49" count="0" type="stmt"/>
          <line num="58" count="0" type="stmt"/>
          <line num="86" count="1" type="stmt"/>
        </file>
        <file name="ToolDetailScreen.js" path="/Users/conorburke/workspace/native/seker/src/screens/ToolDetailScreen.js">
          <metrics statements="5" coveredstatements="1" conditionals="0" coveredconditionals="0" methods="4" coveredmethods="0"/>
          <line num="12" count="0" type="stmt"/>
          <line num="16" count="0" type="stmt"/>
          <line num="25" count="0" type="stmt"/>
          <line num="40" count="1" type="stmt"/>
          <line num="51" count="0" type="stmt"/>
        </file>
        <file name="ToolsScreen.js" path="/Users/conorburke/workspace/native/seker/src/screens/ToolsScreen.js">
          <metrics statements="23" coveredstatements="1" conditionals="12" coveredconditionals="0" methods="12" coveredmethods="0"/>
          <line num="14" count="0" type="stmt"/>
          <line num="15" count="0" type="stmt"/>
          <line num="21" count="0" type="stmt"/>
          <line num="22" count="0" type="stmt"/>
          <line num="24" count="0" type="stmt"/>
          <line num="29" count="0" type="cond" truecount="0" falsecount="2"/>
          <line num="30" count="0" type="cond" truecount="0" falsecount="2"/>
          <line num="31" count="0" type="stmt"/>
          <line num="36" count="0" type="cond" truecount="0" falsecount="2"/>
          <line num="37" count="0" type="stmt"/>
          <line num="38" count="0" type="cond" truecount="0" falsecount="2"/>
          <line num="39" count="0" type="stmt"/>
          <line num="48" count="0" type="stmt"/>
          <line num="50" count="0" type="stmt"/>
          <line num="56" count="0" type="stmt"/>
          <line num="64" count="0" type="stmt"/>
          <line num="65" count="0" type="stmt"/>
          <line num="70" count="0" type="cond" truecount="0" falsecount="2"/>
          <line num="72" count="0" type="stmt"/>
          <line num="78" count="0" type="cond" truecount="0" falsecount="2"/>
          <line num="79" count="0" type="stmt"/>
          <line num="88" count="1" type="stmt"/>
          <line num="98" count="0" type="stmt"/>
        </file>
        <file name="UserDetailScreen.js" path="/Users/conorburke/workspace/native/seker/src/screens/UserDetailScreen.js">
          <metrics statements="1" coveredstatements="0" conditionals="0" coveredconditionals="0" methods="1" coveredmethods="0"/>
          <line num="7" count="0" type="stmt"/>
        </file>
        <file name="UserToolsScreen.js" path="/Users/conorburke/workspace/native/seker/src/screens/UserToolsScreen.js">
          <metrics statements="18" coveredstatements="1" conditionals="10" coveredconditionals="0" methods="9" coveredmethods="0"/>
          <line num="13" count="0" type="stmt"/>
          <line num="14" count="0" type="stmt"/>
          <line num="18" count="0" type="stmt"/>
          <line num="22" count="0" type="cond" truecount="0" falsecount="2"/>
          <line num="23" count="0" type="cond" truecount="0" falsecount="2"/>
          <line num="24" count="0" type="stmt"/>
          <line num="29" count="0" type="cond" truecount="0" falsecount="2"/>
          <line num="30" count="0" type="stmt"/>
          <line num="31" count="0" type="cond" truecount="0" falsecount="2"/>
          <line num="32" count="0" type="stmt"/>
          <line num="41" count="0" type="stmt"/>
          <line num="43" count="0" type="stmt"/>
          <line num="49" count="0" type="stmt"/>
          <line num="54" count="0" type="stmt"/>
          <line num="59" count="0" type="cond" truecount="0" falsecount="2"/>
          <line num="60" count="0" type="stmt"/>
          <line num="69" count="1" type="stmt"/>
          <line num="79" count="0" type="stmt"/>
        </file>
        <file name="UsersScreen.js" path="/Users/conorburke/workspace/native/seker/src/screens/UsersScreen.js">
          <metrics statements="18" coveredstatements="1" conditionals="12" coveredconditionals="0" methods="9" coveredmethods="0"/>
          <line num="12" count="0" type="stmt"/>
          <line num="13" count="0" type="stmt"/>
          <line num="19" count="0" type="stmt"/>
          <line num="23" count="0" type="cond" truecount="0" falsecount="2"/>
          <line num="24" count="0" type="cond" truecount="0" falsecount="2"/>
          <line num="25" count="0" type="stmt"/>
          <line num="30" count="0" type="cond" truecount="0" falsecount="2"/>
          <line num="31" count="0" type="stmt"/>
          <line num="32" count="0" type="cond" truecount="0" falsecount="2"/>
          <line num="33" count="0" type="stmt"/>
          <line num="42" count="0" type="stmt"/>
          <line num="50" count="0" type="stmt"/>
          <line num="55" count="0" type="cond" truecount="0" falsecount="2"/>
          <line num="57" count="0" type="stmt"/>
          <line num="62" count="0" type="cond" truecount="0" falsecount="2"/>
          <line num="63" count="0" type="stmt"/>
          <line num="72" count="1" type="stmt"/>
          <line num="82" count="0" type="stmt"/>
        </file>
        <file name="WelcomeScreen.js" path="/Users/conorburke/workspace/native/seker/src/screens/WelcomeScreen.js">
          <metrics statements="12" coveredstatements="0" conditionals="4" coveredconditionals="0" methods="6" coveredmethods="0"/>
          <line num="13" count="0" type="stmt"/>
          <line num="21" count="0" type="cond" truecount="0" falsecount="2"/>
          <line num="22" count="0" type="stmt"/>
          <line num="24" count="0" type="stmt"/>
          <line num="26" count="0" type="stmt"/>
          <line num="28" count="0" type="stmt"/>
          <line num="30" count="0" type="stmt"/>
          <line num="32" count="0" type="cond" truecount="0" falsecount="2"/>
          <line num="33" count="0" type="stmt"/>
          <line num="40" count="0" type="stmt"/>
          <line num="44" count="0" type="stmt"/>
          <line num="58" count="0" type="stmt"/>
        </file>
        <file name="keys.js" path="/Users/conorburke/workspace/native/seker/src/screens/keys.js">
          <metrics statements="0" coveredstatements="0" conditionals="0" coveredconditionals="0" methods="0" coveredmethods="0"/>
        </file>
        <file name="startMainTabs.js" path="/Users/conorburke/workspace/native/seker/src/screens/startMainTabs.js">
          <metrics statements="3" coveredstatements="1" conditionals="0" coveredconditionals="0" methods="2" coveredmethods="0"/>
          <line num="4" count="1" type="stmt"/>
          <line num="5" count="0" type="stmt"/>
          <line num="11" count="0" type="stmt"/>
        </file>
      </package>
      <package name="src.utils">
        <metrics statements="5" coveredstatements="3" conditionals="4" coveredconditionals="2" methods="0" coveredmethods="0"/>
        <file name="index.js" path="/Users/conorburke/workspace/native/seker/src/utils/index.js">
          <metrics statements="5" coveredstatements="3" conditionals="4" coveredconditionals="2" methods="0" coveredmethods="0"/>
          <line num="1" count="1" type="stmt"/>
          <line num="3" count="1" type="cond" truecount="1" falsecount="1"/>
          <line num="4" count="0" type="stmt"/>
          <line num="5" count="1" type="cond" truecount="1" falsecount="1"/>
          <line num="6" count="0" type="stmt"/>
        </file>
      </package>
    </metrics>
  </project>
</coverage>
