{"/Users/conorburke/workspace/native/seker/src/App.js": {"path":"/Users/conorburke/workspace/native/seker/src/App.js","statementMap":{"0":{"start":{"line":21,"column":25},"end":{"line":21,"column":32}},"1":{"start":{"line":23,"column":0},"end":{"line":25,"column":1}},"2":{"start":{"line":24,"column":2},"end":{"line":24,"column":76}},"3":{"start":{"line":27,"column":14},"end":{"line":27,"column":84}},"4":{"start":{"line":31,"column":0},"end":{"line":36,"column":2}},"5":{"start":{"line":33,"column":8},"end":{"line":33,"column":21}},"6":{"start":{"line":37,"column":0},"end":{"line":42,"column":2}},"7":{"start":{"line":39,"column":8},"end":{"line":39,"column":19}},"8":{"start":{"line":43,"column":0},"end":{"line":48,"column":2}},"9":{"start":{"line":45,"column":8},"end":{"line":45,"column":19}},"10":{"start":{"line":49,"column":0},"end":{"line":54,"column":2}},"11":{"start":{"line":51,"column":8},"end":{"line":51,"column":24}},"12":{"start":{"line":55,"column":0},"end":{"line":60,"column":2}},"13":{"start":{"line":57,"column":8},"end":{"line":57,"column":24}},"14":{"start":{"line":61,"column":0},"end":{"line":64,"column":2}},"15":{"start":{"line":63,"column":8},"end":{"line":63,"column":24}},"16":{"start":{"line":65,"column":0},"end":{"line":70,"column":2}},"17":{"start":{"line":67,"column":8},"end":{"line":67,"column":27}},"18":{"start":{"line":71,"column":0},"end":{"line":76,"column":2}},"19":{"start":{"line":73,"column":8},"end":{"line":73,"column":21}},"20":{"start":{"line":77,"column":0},"end":{"line":82,"column":2}},"21":{"start":{"line":79,"column":8},"end":{"line":79,"column":24}},"22":{"start":{"line":83,"column":0},"end":{"line":88,"column":2}},"23":{"start":{"line":85,"column":8},"end":{"line":85,"column":23}},"24":{"start":{"line":89,"column":0},"end":{"line":94,"column":1}},"25":{"start":{"line":91,"column":8},"end":{"line":91,"column":22}},"26":{"start":{"line":96,"column":0},"end":{"line":109,"column":7}},"27":{"start":{"line":98,"column":6},"end":{"line":108,"column":7}},"28":{"start":{"line":99,"column":8},"end":{"line":99,"column":24}},"29":{"start":{"line":102,"column":8},"end":{"line":107,"column":11}}},"fnMap":{"0":{"name":"(anonymous_0)","decl":{"start":{"line":33,"column":2},"end":{"line":33,"column":3}},"loc":{"start":{"line":33,"column":8},"end":{"line":33,"column":21}},"line":33},"1":{"name":"(anonymous_1)","decl":{"start":{"line":39,"column":2},"end":{"line":39,"column":3}},"loc":{"start":{"line":39,"column":8},"end":{"line":39,"column":19}},"line":39},"2":{"name":"(anonymous_2)","decl":{"start":{"line":45,"column":2},"end":{"line":45,"column":3}},"loc":{"start":{"line":45,"column":8},"end":{"line":45,"column":19}},"line":45},"3":{"name":"(anonymous_3)","decl":{"start":{"line":51,"column":2},"end":{"line":51,"column":3}},"loc":{"start":{"line":51,"column":8},"end":{"line":51,"column":24}},"line":51},"4":{"name":"(anonymous_4)","decl":{"start":{"line":57,"column":2},"end":{"line":57,"column":3}},"loc":{"start":{"line":57,"column":8},"end":{"line":57,"column":24}},"line":57},"5":{"name":"(anonymous_5)","decl":{"start":{"line":63,"column":2},"end":{"line":63,"column":3}},"loc":{"start":{"line":63,"column":8},"end":{"line":63,"column":24}},"line":63},"6":{"name":"(anonymous_6)","decl":{"start":{"line":67,"column":2},"end":{"line":67,"column":3}},"loc":{"start":{"line":67,"column":8},"end":{"line":67,"column":27}},"line":67},"7":{"name":"(anonymous_7)","decl":{"start":{"line":73,"column":2},"end":{"line":73,"column":3}},"loc":{"start":{"line":73,"column":8},"end":{"line":73,"column":21}},"line":73},"8":{"name":"(anonymous_8)","decl":{"start":{"line":79,"column":2},"end":{"line":79,"column":3}},"loc":{"start":{"line":79,"column":8},"end":{"line":79,"column":24}},"line":79},"9":{"name":"(anonymous_9)","decl":{"start":{"line":85,"column":2},"end":{"line":85,"column":3}},"loc":{"start":{"line":85,"column":8},"end":{"line":85,"column":23}},"line":85},"10":{"name":"(anonymous_10)","decl":{"start":{"line":91,"column":2},"end":{"line":91,"column":3}},"loc":{"start":{"line":91,"column":8},"end":{"line":91,"column":22}},"line":91},"11":{"name":"(anonymous_11)","decl":{"start":{"line":97,"column":10},"end":{"line":97,"column":11}},"loc":{"start":{"line":97,"column":19},"end":{"line":109,"column":5}},"line":97}},"branchMap":{"0":{"loc":{"start":{"line":23,"column":0},"end":{"line":25,"column":1}},"type":"if","locations":[{"start":{"line":23,"column":0},"end":{"line":25,"column":1}},{"start":{"line":23,"column":0},"end":{"line":25,"column":1}}],"line":23},"1":{"loc":{"start":{"line":24,"column":21},"end":{"line":24,"column":75}},"type":"binary-expr","locations":[{"start":{"line":24,"column":21},"end":{"line":24,"column":64}},{"start":{"line":24,"column":68},"end":{"line":24,"column":75}}],"line":24},"2":{"loc":{"start":{"line":98,"column":6},"end":{"line":108,"column":7}},"type":"if","locations":[{"start":{"line":98,"column":6},"end":{"line":108,"column":7}},{"start":{"line":98,"column":6},"end":{"line":108,"column":7}}],"line":98}},"s":{"0":1,"1":1,"2":1,"3":1,"4":1,"5":0,"6":1,"7":0,"8":1,"9":0,"10":1,"11":0,"12":1,"13":0,"14":1,"15":0,"16":1,"17":0,"18":1,"19":0,"20":1,"21":0,"22":1,"23":0,"24":1,"25":0,"26":1,"27":0,"28":0,"29":0},"f":{"0":0,"1":0,"2":0,"3":0,"4":0,"5":0,"6":0,"7":0,"8":0,"9":0,"10":0,"11":0},"b":{"0":[1,0],"1":[1,1],"2":[0,0]},"_coverageSchema":"332fd63041d2c1bcb487cc26dd0d5f7d97098a6c","hash":"0169e2159f5042a5ec40421f75b0586a11b97d1d"}
,"/Users/conorburke/workspace/native/seker/src/actions/index.js": {"path":"/Users/conorburke/workspace/native/seker/src/actions/index.js","statementMap":{"0":{"start":{"line":16,"column":24},"end":{"line":32,"column":1}},"1":{"start":{"line":17,"column":4},"end":{"line":31,"column":5}},"2":{"start":{"line":18,"column":8},"end":{"line":30,"column":9}},"3":{"start":{"line":19,"column":12},"end":{"line":19,"column":54}},"4":{"start":{"line":20,"column":12},"end":{"line":20,"column":56}},"5":{"start":{"line":22,"column":12},"end":{"line":29,"column":13}},"6":{"start":{"line":24,"column":16},"end":{"line":27,"column":17}},"7":{"start":{"line":25,"column":16},"end":{"line":25,"column":57}},"8":{"start":{"line":34,"column":27},"end":{"line":36,"column":1}},"9":{"start":{"line":35,"column":4},"end":{"line":35,"column":47}},"10":{"start":{"line":38,"column":27},"end":{"line":40,"column":1}},"11":{"start":{"line":39,"column":4},"end":{"line":39,"column":47}},"12":{"start":{"line":42,"column":26},"end":{"line":49,"column":1}},"13":{"start":{"line":43,"column":4},"end":{"line":48,"column":5}},"14":{"start":{"line":44,"column":8},"end":{"line":47,"column":84}},"15":{"start":{"line":45,"column":25},"end":{"line":45,"column":60}},"16":{"start":{"line":46,"column":28},"end":{"line":47,"column":82}},"17":{"start":{"line":47,"column":33},"end":{"line":47,"column":81}},"18":{"start":{"line":51,"column":29},"end":{"line":56,"column":1}},"19":{"start":{"line":52,"column":4},"end":{"line":55,"column":5}},"20":{"start":{"line":53,"column":8},"end":{"line":53,"column":66}},"21":{"start":{"line":54,"column":8},"end":{"line":54,"column":59}},"22":{"start":{"line":58,"column":28},"end":{"line":66,"column":1}},"23":{"start":{"line":59,"column":4},"end":{"line":65,"column":5}},"24":{"start":{"line":60,"column":8},"end":{"line":64,"column":15}},"25":{"start":{"line":62,"column":16},"end":{"line":62,"column":57}},"26":{"start":{"line":63,"column":16},"end":{"line":63,"column":67}},"27":{"start":{"line":68,"column":26},"end":{"line":76,"column":1}},"28":{"start":{"line":72,"column":4},"end":{"line":75,"column":5}},"29":{"start":{"line":73,"column":8},"end":{"line":74,"column":75}},"30":{"start":{"line":74,"column":25},"end":{"line":74,"column":73}},"31":{"start":{"line":78,"column":26},"end":{"line":86,"column":1}},"32":{"start":{"line":79,"column":4},"end":{"line":85,"column":9}},"33":{"start":{"line":80,"column":8},"end":{"line":84,"column":15}},"34":{"start":{"line":82,"column":16},"end":{"line":82,"column":57}},"35":{"start":{"line":83,"column":16},"end":{"line":83,"column":64}},"36":{"start":{"line":88,"column":25},"end":{"line":93,"column":1}},"37":{"start":{"line":89,"column":4},"end":{"line":92,"column":5}},"38":{"start":{"line":90,"column":8},"end":{"line":91,"column":73}},"39":{"start":{"line":91,"column":25},"end":{"line":91,"column":72}},"40":{"start":{"line":95,"column":30},"end":{"line":100,"column":1}},"41":{"start":{"line":96,"column":4},"end":{"line":99,"column":5}},"42":{"start":{"line":97,"column":8},"end":{"line":98,"column":79}},"43":{"start":{"line":98,"column":25},"end":{"line":98,"column":78}}},"fnMap":{"0":{"name":"(anonymous_0)","decl":{"start":{"line":16,"column":24},"end":{"line":16,"column":25}},"loc":{"start":{"line":16,"column":35},"end":{"line":32,"column":1}},"line":16},"1":{"name":"(anonymous_1)","decl":{"start":{"line":17,"column":11},"end":{"line":17,"column":12}},"loc":{"start":{"line":17,"column":30},"end":{"line":31,"column":5}},"line":17},"2":{"name":"(anonymous_2)","decl":{"start":{"line":23,"column":18},"end":{"line":23,"column":19}},"loc":{"start":{"line":23,"column":27},"end":{"line":28,"column":13}},"line":23},"3":{"name":"(anonymous_3)","decl":{"start":{"line":34,"column":27},"end":{"line":34,"column":28}},"loc":{"start":{"line":34,"column":37},"end":{"line":36,"column":1}},"line":34},"4":{"name":"(anonymous_4)","decl":{"start":{"line":38,"column":27},"end":{"line":38,"column":28}},"loc":{"start":{"line":38,"column":37},"end":{"line":40,"column":1}},"line":38},"5":{"name":"(anonymous_5)","decl":{"start":{"line":42,"column":26},"end":{"line":42,"column":27}},"loc":{"start":{"line":42,"column":34},"end":{"line":49,"column":1}},"line":42},"6":{"name":"(anonymous_6)","decl":{"start":{"line":43,"column":11},"end":{"line":43,"column":12}},"loc":{"start":{"line":43,"column":30},"end":{"line":48,"column":5}},"line":43},"7":{"name":"(anonymous_7)","decl":{"start":{"line":45,"column":18},"end":{"line":45,"column":19}},"loc":{"start":{"line":45,"column":25},"end":{"line":45,"column":60}},"line":45},"8":{"name":"(anonymous_8)","decl":{"start":{"line":46,"column":22},"end":{"line":46,"column":23}},"loc":{"start":{"line":46,"column":28},"end":{"line":47,"column":82}},"line":46},"9":{"name":"(anonymous_9)","decl":{"start":{"line":47,"column":26},"end":{"line":47,"column":27}},"loc":{"start":{"line":47,"column":33},"end":{"line":47,"column":81}},"line":47},"10":{"name":"(anonymous_10)","decl":{"start":{"line":51,"column":29},"end":{"line":51,"column":30}},"loc":{"start":{"line":51,"column":42},"end":{"line":56,"column":1}},"line":51},"11":{"name":"(anonymous_11)","decl":{"start":{"line":52,"column":11},"end":{"line":52,"column":12}},"loc":{"start":{"line":52,"column":30},"end":{"line":55,"column":5}},"line":52},"12":{"name":"(anonymous_12)","decl":{"start":{"line":58,"column":28},"end":{"line":58,"column":29}},"loc":{"start":{"line":58,"column":36},"end":{"line":66,"column":1}},"line":58},"13":{"name":"(anonymous_13)","decl":{"start":{"line":59,"column":11},"end":{"line":59,"column":12}},"loc":{"start":{"line":59,"column":30},"end":{"line":65,"column":5}},"line":59},"14":{"name":"(anonymous_14)","decl":{"start":{"line":61,"column":18},"end":{"line":61,"column":19}},"loc":{"start":{"line":61,"column":25},"end":{"line":64,"column":13}},"line":61},"15":{"name":"(anonymous_15)","decl":{"start":{"line":68,"column":26},"end":{"line":68,"column":27}},"loc":{"start":{"line":68,"column":32},"end":{"line":76,"column":1}},"line":68},"16":{"name":"(anonymous_16)","decl":{"start":{"line":72,"column":11},"end":{"line":72,"column":12}},"loc":{"start":{"line":72,"column":30},"end":{"line":75,"column":5}},"line":72},"17":{"name":"(anonymous_17)","decl":{"start":{"line":74,"column":18},"end":{"line":74,"column":19}},"loc":{"start":{"line":74,"column":25},"end":{"line":74,"column":73}},"line":74},"18":{"name":"(anonymous_18)","decl":{"start":{"line":78,"column":26},"end":{"line":78,"column":27}},"loc":{"start":{"line":78,"column":32},"end":{"line":86,"column":1}},"line":78},"19":{"name":"(anonymous_19)","decl":{"start":{"line":79,"column":11},"end":{"line":79,"column":12}},"loc":{"start":{"line":79,"column":30},"end":{"line":85,"column":9}},"line":79},"20":{"name":"(anonymous_20)","decl":{"start":{"line":81,"column":18},"end":{"line":81,"column":19}},"loc":{"start":{"line":81,"column":25},"end":{"line":84,"column":13}},"line":81},"21":{"name":"(anonymous_21)","decl":{"start":{"line":88,"column":25},"end":{"line":88,"column":26}},"loc":{"start":{"line":88,"column":33},"end":{"line":93,"column":1}},"line":88},"22":{"name":"(anonymous_22)","decl":{"start":{"line":89,"column":11},"end":{"line":89,"column":12}},"loc":{"start":{"line":89,"column":31},"end":{"line":92,"column":5}},"line":89},"23":{"name":"(anonymous_23)","decl":{"start":{"line":91,"column":18},"end":{"line":91,"column":19}},"loc":{"start":{"line":91,"column":25},"end":{"line":91,"column":72}},"line":91},"24":{"name":"(anonymous_24)","decl":{"start":{"line":95,"column":30},"end":{"line":95,"column":31}},"loc":{"start":{"line":95,"column":38},"end":{"line":100,"column":1}},"line":95},"25":{"name":"(anonymous_25)","decl":{"start":{"line":96,"column":11},"end":{"line":96,"column":12}},"loc":{"start":{"line":96,"column":30},"end":{"line":99,"column":5}},"line":96},"26":{"name":"(anonymous_26)","decl":{"start":{"line":98,"column":18},"end":{"line":98,"column":19}},"loc":{"start":{"line":98,"column":25},"end":{"line":98,"column":78}},"line":98}},"branchMap":{"0":{"loc":{"start":{"line":18,"column":8},"end":{"line":30,"column":9}},"type":"if","locations":[{"start":{"line":18,"column":8},"end":{"line":30,"column":9}},{"start":{"line":18,"column":8},"end":{"line":30,"column":9}}],"line":18},"1":{"loc":{"start":{"line":24,"column":16},"end":{"line":27,"column":17}},"type":"if","locations":[{"start":{"line":24,"column":16},"end":{"line":27,"column":17}},{"start":{"line":24,"column":16},"end":{"line":27,"column":17}}],"line":24}},"s":{"0":1,"1":0,"2":0,"3":0,"4":0,"5":0,"6":0,"7":0,"8":1,"9":0,"10":1,"11":0,"12":1,"13":0,"14":0,"15":0,"16":0,"17":0,"18":1,"19":0,"20":0,"21":0,"22":1,"23":0,"24":0,"25":0,"26":0,"27":1,"28":0,"29":0,"30":0,"31":1,"32":0,"33":0,"34":0,"35":0,"36":1,"37":0,"38":0,"39":0,"40":1,"41":0,"42":0,"43":0},"f":{"0":0,"1":0,"2":0,"3":0,"4":0,"5":0,"6":0,"7":0,"8":0,"9":0,"10":0,"11":0,"12":0,"13":0,"14":0,"15":0,"16":0,"17":0,"18":0,"19":0,"20":0,"21":0,"22":0,"23":0,"24":0,"25":0,"26":0},"b":{"0":[0,0],"1":[0,0]},"_coverageSchema":"332fd63041d2c1bcb487cc26dd0d5f7d97098a6c","hash":"49fef46ae0dbb5601a83d21bbd65a4a4203fd650"}
,"/Users/conorburke/workspace/native/seker/src/actions/types.js": {"path":"/Users/conorburke/workspace/native/seker/src/actions/types.js","statementMap":{"0":{"start":{"line":1,"column":25},"end":{"line":1,"column":36}},"1":{"start":{"line":2,"column":27},"end":{"line":2,"column":40}},"2":{"start":{"line":3,"column":30},"end":{"line":3,"column":46}},"3":{"start":{"line":4,"column":26},"end":{"line":4,"column":38}},"4":{"start":{"line":5,"column":27},"end":{"line":5,"column":40}},"5":{"start":{"line":6,"column":32},"end":{"line":6,"column":50}},"6":{"start":{"line":7,"column":27},"end":{"line":7,"column":40}},"7":{"start":{"line":8,"column":28},"end":{"line":8,"column":42}},"8":{"start":{"line":9,"column":28},"end":{"line":9,"column":42}}},"fnMap":{},"branchMap":{},"s":{"0":1,"1":1,"2":1,"3":1,"4":1,"5":1,"6":1,"7":1,"8":1},"f":{},"b":{},"_coverageSchema":"332fd63041d2c1bcb487cc26dd0d5f7d97098a6c","hash":"c6c15a583e1608b35c62071739756cf4412083e7"}
,"/Users/conorburke/workspace/native/seker/src/components/SignIn.js": {"path":"/Users/conorburke/workspace/native/seker/src/components/SignIn.js","statementMap":{"0":{"start":{"line":11,"column":16},"end":{"line":11,"column":67}},"1":{"start":{"line":23,"column":4},"end":{"line":25,"column":38}},"2":{"start":{"line":24,"column":19},"end":{"line":24,"column":93}},"3":{"start":{"line":25,"column":20},"end":{"line":25,"column":36}},"4":{"start":{"line":29,"column":4},"end":{"line":41,"column":38}},"5":{"start":{"line":31,"column":8},"end":{"line":31,"column":26}},"6":{"start":{"line":32,"column":8},"end":{"line":32,"column":58}},"7":{"start":{"line":33,"column":8},"end":{"line":33,"column":40}},"8":{"start":{"line":35,"column":8},"end":{"line":39,"column":11}},"9":{"start":{"line":41,"column":20},"end":{"line":41,"column":36}},"10":{"start":{"line":45,"column":4},"end":{"line":70,"column":6}},"11":{"start":{"line":51,"column":35},"end":{"line":51,"column":57}},"12":{"start":{"line":62,"column":34},"end":{"line":62,"column":55}}},"fnMap":{"0":{"name":"(anonymous_0)","decl":{"start":{"line":22,"column":2},"end":{"line":22,"column":3}},"loc":{"start":{"line":22,"column":21},"end":{"line":26,"column":3}},"line":22},"1":{"name":"(anonymous_1)","decl":{"start":{"line":24,"column":12},"end":{"line":24,"column":13}},"loc":{"start":{"line":24,"column":18},"end":{"line":24,"column":94}},"line":24},"2":{"name":"(anonymous_2)","decl":{"start":{"line":25,"column":13},"end":{"line":25,"column":14}},"loc":{"start":{"line":25,"column":20},"end":{"line":25,"column":36}},"line":25},"3":{"name":"(anonymous_3)","decl":{"start":{"line":28,"column":2},"end":{"line":28,"column":3}},"loc":{"start":{"line":28,"column":17},"end":{"line":42,"column":3}},"line":28},"4":{"name":"(anonymous_4)","decl":{"start":{"line":30,"column":12},"end":{"line":30,"column":13}},"loc":{"start":{"line":30,"column":24},"end":{"line":40,"column":7}},"line":30},"5":{"name":"(anonymous_5)","decl":{"start":{"line":41,"column":13},"end":{"line":41,"column":14}},"loc":{"start":{"line":41,"column":20},"end":{"line":41,"column":36}},"line":41},"6":{"name":"(anonymous_6)","decl":{"start":{"line":44,"column":2},"end":{"line":44,"column":3}},"loc":{"start":{"line":44,"column":11},"end":{"line":71,"column":3}},"line":44},"7":{"name":"(anonymous_7)","decl":{"start":{"line":51,"column":26},"end":{"line":51,"column":27}},"loc":{"start":{"line":51,"column":35},"end":{"line":51,"column":57}},"line":51},"8":{"name":"(anonymous_8)","decl":{"start":{"line":62,"column":26},"end":{"line":62,"column":27}},"loc":{"start":{"line":62,"column":34},"end":{"line":62,"column":55}},"line":62}},"branchMap":{},"s":{"0":1,"1":0,"2":0,"3":0,"4":0,"5":0,"6":0,"7":0,"8":0,"9":0,"10":0,"11":0,"12":0},"f":{"0":0,"1":0,"2":0,"3":0,"4":0,"5":0,"6":0,"7":0,"8":0},"b":{},"_coverageSchema":"332fd63041d2c1bcb487cc26dd0d5f7d97098a6c","hash":"0c36a6a1ba8092c63b14f1b69d7b922af195912b"}
,"/Users/conorburke/workspace/native/seker/src/components/Tool.js": {"path":"/Users/conorburke/workspace/native/seker/src/components/Tool.js","statementMap":{"0":{"start":{"line":11,"column":4},"end":{"line":16,"column":7}},"1":{"start":{"line":20,"column":4},"end":{"line":20,"column":35}},"2":{"start":{"line":21,"column":4},"end":{"line":21,"column":30}},"3":{"start":{"line":25,"column":4},"end":{"line":53,"column":5}},"4":{"start":{"line":57,"column":15},"end":{"line":83,"column":2}},"5":{"start":{"line":86,"column":2},"end":{"line":86,"column":33}}},"fnMap":{"0":{"name":"(anonymous_0)","decl":{"start":{"line":10,"column":2},"end":{"line":10,"column":3}},"loc":{"start":{"line":10,"column":19},"end":{"line":17,"column":3}},"line":10},"1":{"name":"(anonymous_1)","decl":{"start":{"line":19,"column":2},"end":{"line":19,"column":3}},"loc":{"start":{"line":19,"column":19},"end":{"line":22,"column":3}},"line":19},"2":{"name":"(anonymous_2)","decl":{"start":{"line":24,"column":2},"end":{"line":24,"column":3}},"loc":{"start":{"line":24,"column":11},"end":{"line":54,"column":3}},"line":24},"3":{"name":"mapStateToProps","decl":{"start":{"line":85,"column":9},"end":{"line":85,"column":24}},"loc":{"start":{"line":85,"column":32},"end":{"line":87,"column":1}},"line":85}},"branchMap":{},"s":{"0":0,"1":0,"2":0,"3":0,"4":1,"5":0},"f":{"0":0,"1":0,"2":0,"3":0},"b":{},"_coverageSchema":"332fd63041d2c1bcb487cc26dd0d5f7d97098a6c","hash":"ea2cd1598cf0dac374e548fb7fd4571568d3e0f2"}
,"/Users/conorburke/workspace/native/seker/src/components/ToolDetail.js": {"path":"/Users/conorburke/workspace/native/seker/src/components/ToolDetail.js","statementMap":{"0":{"start":{"line":6,"column":4},"end":{"line":18,"column":5}},"1":{"start":{"line":22,"column":15},"end":{"line":36,"column":2}}},"fnMap":{"0":{"name":"(anonymous_0)","decl":{"start":{"line":5,"column":2},"end":{"line":5,"column":3}},"loc":{"start":{"line":5,"column":11},"end":{"line":19,"column":3}},"line":5}},"branchMap":{},"s":{"0":0,"1":1},"f":{"0":0},"b":{},"_coverageSchema":"332fd63041d2c1bcb487cc26dd0d5f7d97098a6c","hash":"957d9140c1679f85d8e073d9332fd6a26fe029f1"}
,"/Users/conorburke/workspace/native/seker/src/components/User.js": {"path":"/Users/conorburke/workspace/native/seker/src/components/User.js","statementMap":{"0":{"start":{"line":7,"column":4},"end":{"line":12,"column":7}},"1":{"start":{"line":16,"column":4},"end":{"line":26,"column":5}},"2":{"start":{"line":30,"column":15},"end":{"line":47,"column":2}}},"fnMap":{"0":{"name":"(anonymous_0)","decl":{"start":{"line":6,"column":2},"end":{"line":6,"column":3}},"loc":{"start":{"line":6,"column":19},"end":{"line":13,"column":3}},"line":6},"1":{"name":"(anonymous_1)","decl":{"start":{"line":15,"column":2},"end":{"line":15,"column":3}},"loc":{"start":{"line":15,"column":11},"end":{"line":27,"column":3}},"line":15}},"branchMap":{},"s":{"0":0,"1":0,"2":1},"f":{"0":0,"1":0},"b":{},"_coverageSchema":"332fd63041d2c1bcb487cc26dd0d5f7d97098a6c","hash":"d40f46b52b15db352b7ba35d578398ff2ad686ba"}
,"/Users/conorburke/workspace/native/seker/src/reducers/authReducer.js": {"path":"/Users/conorburke/workspace/native/seker/src/reducers/authReducer.js","statementMap":{"0":{"start":{"line":4,"column":4},"end":{"line":9,"column":5}},"1":{"start":{"line":6,"column":12},"end":{"line":6,"column":43}},"2":{"start":{"line":8,"column":12},"end":{"line":8,"column":24}}},"fnMap":{"0":{"name":"(anonymous_0)","decl":{"start":{"line":3,"column":15},"end":{"line":3,"column":16}},"loc":{"start":{"line":3,"column":44},"end":{"line":10,"column":1}},"line":3}},"branchMap":{"0":{"loc":{"start":{"line":3,"column":24},"end":{"line":3,"column":34}},"type":"default-arg","locations":[{"start":{"line":3,"column":32},"end":{"line":3,"column":34}}],"line":3},"1":{"loc":{"start":{"line":4,"column":4},"end":{"line":9,"column":5}},"type":"switch","locations":[{"start":{"line":5,"column":8},"end":{"line":6,"column":43}},{"start":{"line":7,"column":8},"end":{"line":8,"column":24}}],"line":4},"2":{"loc":{"start":{"line":6,"column":19},"end":{"line":6,"column":42}},"type":"binary-expr","locations":[{"start":{"line":6,"column":19},"end":{"line":6,"column":33}},{"start":{"line":6,"column":37},"end":{"line":6,"column":42}}],"line":6}},"s":{"0":3,"1":0,"2":3},"f":{"0":3},"b":{"0":[3],"1":[0,3],"2":[0,0]},"_coverageSchema":"332fd63041d2c1bcb487cc26dd0d5f7d97098a6c","hash":"463694b88cc9c788ef7e61bfa5846cc5d1a1f59d"}
,"/Users/conorburke/workspace/native/seker/src/reducers/index.js": {"path":"/Users/conorburke/workspace/native/seker/src/reducers/index.js","statementMap":{},"fnMap":{},"branchMap":{},"s":{},"f":{},"b":{},"_coverageSchema":"332fd63041d2c1bcb487cc26dd0d5f7d97098a6c","hash":"645504fc646ad587b53347455498699fc347c6d8"}
,"/Users/conorburke/workspace/native/seker/src/reducers/profileReducer.js": {"path":"/Users/conorburke/workspace/native/seker/src/reducers/profileReducer.js","statementMap":{"0":{"start":{"line":4,"column":4},"end":{"line":9,"column":5}},"1":{"start":{"line":6,"column":12},"end":{"line":6,"column":43}},"2":{"start":{"line":8,"column":12},"end":{"line":8,"column":24}}},"fnMap":{"0":{"name":"(anonymous_0)","decl":{"start":{"line":3,"column":15},"end":{"line":3,"column":16}},"loc":{"start":{"line":3,"column":44},"end":{"line":10,"column":1}},"line":3}},"branchMap":{"0":{"loc":{"start":{"line":3,"column":24},"end":{"line":3,"column":34}},"type":"default-arg","locations":[{"start":{"line":3,"column":32},"end":{"line":3,"column":34}}],"line":3},"1":{"loc":{"start":{"line":4,"column":4},"end":{"line":9,"column":5}},"type":"switch","locations":[{"start":{"line":5,"column":8},"end":{"line":6,"column":43}},{"start":{"line":7,"column":8},"end":{"line":8,"column":24}}],"line":4},"2":{"loc":{"start":{"line":6,"column":19},"end":{"line":6,"column":42}},"type":"binary-expr","locations":[{"start":{"line":6,"column":19},"end":{"line":6,"column":33}},{"start":{"line":6,"column":37},"end":{"line":6,"column":42}}],"line":6}},"s":{"0":3,"1":0,"2":3},"f":{"0":3},"b":{"0":[3],"1":[0,3],"2":[0,0]},"_coverageSchema":"332fd63041d2c1bcb487cc26dd0d5f7d97098a6c","hash":"f99d545f86e6e6e0ed3673b696ca9c3b12c4a3aa"}
,"/Users/conorburke/workspace/native/seker/src/reducers/toolReducer.js": {"path":"/Users/conorburke/workspace/native/seker/src/reducers/toolReducer.js","statementMap":{"0":{"start":{"line":4,"column":4},"end":{"line":9,"column":5}},"1":{"start":{"line":6,"column":12},"end":{"line":6,"column":43}},"2":{"start":{"line":8,"column":12},"end":{"line":8,"column":24}}},"fnMap":{"0":{"name":"(anonymous_0)","decl":{"start":{"line":3,"column":15},"end":{"line":3,"column":16}},"loc":{"start":{"line":3,"column":44},"end":{"line":10,"column":1}},"line":3}},"branchMap":{"0":{"loc":{"start":{"line":3,"column":24},"end":{"line":3,"column":34}},"type":"default-arg","locations":[{"start":{"line":3,"column":32},"end":{"line":3,"column":34}}],"line":3},"1":{"loc":{"start":{"line":4,"column":4},"end":{"line":9,"column":5}},"type":"switch","locations":[{"start":{"line":5,"column":8},"end":{"line":6,"column":43}},{"start":{"line":7,"column":8},"end":{"line":8,"column":24}}],"line":4},"2":{"loc":{"start":{"line":6,"column":19},"end":{"line":6,"column":42}},"type":"binary-expr","locations":[{"start":{"line":6,"column":19},"end":{"line":6,"column":33}},{"start":{"line":6,"column":37},"end":{"line":6,"column":42}}],"line":6}},"s":{"0":3,"1":0,"2":3},"f":{"0":3},"b":{"0":[3],"1":[0,3],"2":[0,0]},"_coverageSchema":"332fd63041d2c1bcb487cc26dd0d5f7d97098a6c","hash":"6b79dca94a00d83a6143f3aa8135d8289ea1747d"}
,"/Users/conorburke/workspace/native/seker/src/reducers/toolsReducer.js": {"path":"/Users/conorburke/workspace/native/seker/src/reducers/toolsReducer.js","statementMap":{"0":{"start":{"line":3,"column":21},"end":{"line":6,"column":1}},"1":{"start":{"line":9,"column":4},"end":{"line":16,"column":5}},"2":{"start":{"line":11,"column":12},"end":{"line":11,"column":61}},"3":{"start":{"line":13,"column":12},"end":{"line":13,"column":64}},"4":{"start":{"line":15,"column":12},"end":{"line":15,"column":24}}},"fnMap":{"0":{"name":"(anonymous_0)","decl":{"start":{"line":8,"column":15},"end":{"line":8,"column":16}},"loc":{"start":{"line":8,"column":54},"end":{"line":17,"column":1}},"line":8}},"branchMap":{"0":{"loc":{"start":{"line":8,"column":24},"end":{"line":8,"column":44}},"type":"default-arg","locations":[{"start":{"line":8,"column":32},"end":{"line":8,"column":44}}],"line":8},"1":{"loc":{"start":{"line":9,"column":4},"end":{"line":16,"column":5}},"type":"switch","locations":[{"start":{"line":10,"column":8},"end":{"line":11,"column":61}},{"start":{"line":12,"column":8},"end":{"line":13,"column":64}},{"start":{"line":14,"column":8},"end":{"line":15,"column":24}}],"line":9}},"s":{"0":1,"1":3,"2":0,"3":0,"4":3},"f":{"0":3},"b":{"0":[3],"1":[0,0,3]},"_coverageSchema":"332fd63041d2c1bcb487cc26dd0d5f7d97098a6c","hash":"b66d61cc4ef38cbfb81eaaa62a4357cf5d274952"}
,"/Users/conorburke/workspace/native/seker/src/reducers/userToolsReducer.js": {"path":"/Users/conorburke/workspace/native/seker/src/reducers/userToolsReducer.js","statementMap":{"0":{"start":{"line":4,"column":4},"end":{"line":9,"column":5}},"1":{"start":{"line":6,"column":12},"end":{"line":6,"column":43}},"2":{"start":{"line":8,"column":12},"end":{"line":8,"column":24}}},"fnMap":{"0":{"name":"(anonymous_0)","decl":{"start":{"line":3,"column":15},"end":{"line":3,"column":16}},"loc":{"start":{"line":3,"column":44},"end":{"line":10,"column":1}},"line":3}},"branchMap":{"0":{"loc":{"start":{"line":3,"column":24},"end":{"line":3,"column":34}},"type":"default-arg","locations":[{"start":{"line":3,"column":32},"end":{"line":3,"column":34}}],"line":3},"1":{"loc":{"start":{"line":4,"column":4},"end":{"line":9,"column":5}},"type":"switch","locations":[{"start":{"line":5,"column":8},"end":{"line":6,"column":43}},{"start":{"line":7,"column":8},"end":{"line":8,"column":24}}],"line":4},"2":{"loc":{"start":{"line":6,"column":19},"end":{"line":6,"column":42}},"type":"binary-expr","locations":[{"start":{"line":6,"column":19},"end":{"line":6,"column":33}},{"start":{"line":6,"column":37},"end":{"line":6,"column":42}}],"line":6}},"s":{"0":3,"1":0,"2":3},"f":{"0":3},"b":{"0":[3],"1":[0,3],"2":[0,0]},"_coverageSchema":"332fd63041d2c1bcb487cc26dd0d5f7d97098a6c","hash":"8b34c850e1b03c4eb17b9c9594cda098aea16a9c"}
,"/Users/conorburke/workspace/native/seker/src/reducers/usersReducer.js": {"path":"/Users/conorburke/workspace/native/seker/src/reducers/usersReducer.js","statementMap":{"0":{"start":{"line":3,"column":21},"end":{"line":6,"column":1}},"1":{"start":{"line":9,"column":4},"end":{"line":16,"column":5}},"2":{"start":{"line":11,"column":12},"end":{"line":11,"column":62}},"3":{"start":{"line":13,"column":12},"end":{"line":13,"column":64}},"4":{"start":{"line":15,"column":12},"end":{"line":15,"column":24}}},"fnMap":{"0":{"name":"(anonymous_0)","decl":{"start":{"line":8,"column":15},"end":{"line":8,"column":16}},"loc":{"start":{"line":8,"column":54},"end":{"line":17,"column":1}},"line":8}},"branchMap":{"0":{"loc":{"start":{"line":8,"column":24},"end":{"line":8,"column":44}},"type":"default-arg","locations":[{"start":{"line":8,"column":32},"end":{"line":8,"column":44}}],"line":8},"1":{"loc":{"start":{"line":9,"column":4},"end":{"line":16,"column":5}},"type":"switch","locations":[{"start":{"line":10,"column":8},"end":{"line":11,"column":62}},{"start":{"line":12,"column":8},"end":{"line":13,"column":64}},{"start":{"line":14,"column":8},"end":{"line":15,"column":24}}],"line":9}},"s":{"0":1,"1":3,"2":0,"3":0,"4":3},"f":{"0":3},"b":{"0":[3],"1":[0,0,3]},"_coverageSchema":"332fd63041d2c1bcb487cc26dd0d5f7d97098a6c","hash":"64391011598a4b6520d85bb12aee88414421da74"}
,"/Users/conorburke/workspace/native/seker/src/screens/CreateProfileScreen.js": {"path":"/Users/conorburke/workspace/native/seker/src/screens/CreateProfileScreen.js","statementMap":{"0":{"start":{"line":16,"column":4},"end":{"line":24,"column":9}},"1":{"start":{"line":18,"column":8},"end":{"line":18,"column":39}},"2":{"start":{"line":19,"column":8},"end":{"line":19,"column":24}},"3":{"start":{"line":22,"column":8},"end":{"line":22,"column":49}},"4":{"start":{"line":23,"column":8},"end":{"line":23,"column":24}},"5":{"start":{"line":28,"column":4},"end":{"line":64,"column":6}},"6":{"start":{"line":34,"column":39},"end":{"line":34,"column":65}},"7":{"start":{"line":41,"column":38},"end":{"line":41,"column":63}},"8":{"start":{"line":48,"column":35},"end":{"line":48,"column":57}},"9":{"start":{"line":55,"column":41},"end":{"line":55,"column":69}},"10":{"start":{"line":68,"column":15},"end":{"line":78,"column":2}}},"fnMap":{"0":{"name":"(anonymous_0)","decl":{"start":{"line":15,"column":2},"end":{"line":15,"column":3}},"loc":{"start":{"line":15,"column":17},"end":{"line":25,"column":3}},"line":15},"1":{"name":"(anonymous_1)","decl":{"start":{"line":17,"column":12},"end":{"line":17,"column":13}},"loc":{"start":{"line":17,"column":24},"end":{"line":20,"column":7}},"line":17},"2":{"name":"(anonymous_2)","decl":{"start":{"line":21,"column":13},"end":{"line":21,"column":14}},"loc":{"start":{"line":21,"column":20},"end":{"line":24,"column":7}},"line":21},"3":{"name":"(anonymous_3)","decl":{"start":{"line":27,"column":2},"end":{"line":27,"column":3}},"loc":{"start":{"line":27,"column":11},"end":{"line":65,"column":3}},"line":27},"4":{"name":"(anonymous_4)","decl":{"start":{"line":34,"column":26},"end":{"line":34,"column":27}},"loc":{"start":{"line":34,"column":39},"end":{"line":34,"column":65}},"line":34},"5":{"name":"(anonymous_5)","decl":{"start":{"line":41,"column":26},"end":{"line":41,"column":27}},"loc":{"start":{"line":41,"column":38},"end":{"line":41,"column":63}},"line":41},"6":{"name":"(anonymous_6)","decl":{"start":{"line":48,"column":26},"end":{"line":48,"column":27}},"loc":{"start":{"line":48,"column":35},"end":{"line":48,"column":57}},"line":48},"7":{"name":"(anonymous_7)","decl":{"start":{"line":55,"column":26},"end":{"line":55,"column":27}},"loc":{"start":{"line":55,"column":41},"end":{"line":55,"column":69}},"line":55}},"branchMap":{},"s":{"0":0,"1":0,"2":0,"3":0,"4":0,"5":0,"6":0,"7":0,"8":0,"9":0,"10":1},"f":{"0":0,"1":0,"2":0,"3":0,"4":0,"5":0,"6":0,"7":0},"b":{},"_coverageSchema":"332fd63041d2c1bcb487cc26dd0d5f7d97098a6c","hash":"e2ebc03012303953a6d92e8cab7253cf72aae0dd"}
,"/Users/conorburke/workspace/native/seker/src/screens/CreateToolScreen.js": {"path":"/Users/conorburke/workspace/native/seker/src/screens/CreateToolScreen.js","statementMap":{"0":{"start":{"line":16,"column":4},"end":{"line":16,"column":65}},"1":{"start":{"line":17,"column":4},"end":{"line":25,"column":9}},"2":{"start":{"line":19,"column":8},"end":{"line":19,"column":36}},"3":{"start":{"line":20,"column":8},"end":{"line":20,"column":32}},"4":{"start":{"line":23,"column":8},"end":{"line":23,"column":49}},"5":{"start":{"line":24,"column":8},"end":{"line":24,"column":24}},"6":{"start":{"line":26,"column":6},"end":{"line":29,"column":9}},"7":{"start":{"line":33,"column":4},"end":{"line":61,"column":6}},"8":{"start":{"line":39,"column":35},"end":{"line":39,"column":57}},"9":{"start":{"line":46,"column":38},"end":{"line":46,"column":63}},"10":{"start":{"line":53,"column":35},"end":{"line":53,"column":57}},"11":{"start":{"line":66,"column":2},"end":{"line":66,"column":37}},"12":{"start":{"line":69,"column":15},"end":{"line":79,"column":2}}},"fnMap":{"0":{"name":"(anonymous_0)","decl":{"start":{"line":15,"column":2},"end":{"line":15,"column":3}},"loc":{"start":{"line":15,"column":17},"end":{"line":30,"column":3}},"line":15},"1":{"name":"(anonymous_1)","decl":{"start":{"line":18,"column":12},"end":{"line":18,"column":13}},"loc":{"start":{"line":18,"column":18},"end":{"line":21,"column":7}},"line":18},"2":{"name":"(anonymous_2)","decl":{"start":{"line":22,"column":13},"end":{"line":22,"column":14}},"loc":{"start":{"line":22,"column":20},"end":{"line":25,"column":7}},"line":22},"3":{"name":"(anonymous_3)","decl":{"start":{"line":32,"column":2},"end":{"line":32,"column":3}},"loc":{"start":{"line":32,"column":11},"end":{"line":62,"column":3}},"line":32},"4":{"name":"(anonymous_4)","decl":{"start":{"line":39,"column":26},"end":{"line":39,"column":27}},"loc":{"start":{"line":39,"column":35},"end":{"line":39,"column":57}},"line":39},"5":{"name":"(anonymous_5)","decl":{"start":{"line":46,"column":26},"end":{"line":46,"column":27}},"loc":{"start":{"line":46,"column":38},"end":{"line":46,"column":63}},"line":46},"6":{"name":"(anonymous_6)","decl":{"start":{"line":53,"column":26},"end":{"line":53,"column":27}},"loc":{"start":{"line":53,"column":35},"end":{"line":53,"column":57}},"line":53},"7":{"name":"mapStateToProps","decl":{"start":{"line":65,"column":9},"end":{"line":65,"column":24}},"loc":{"start":{"line":65,"column":32},"end":{"line":67,"column":1}},"line":65}},"branchMap":{},"s":{"0":0,"1":0,"2":0,"3":0,"4":0,"5":0,"6":0,"7":0,"8":0,"9":0,"10":0,"11":0,"12":1},"f":{"0":0,"1":0,"2":0,"3":0,"4":0,"5":0,"6":0,"7":0},"b":{},"_coverageSchema":"332fd63041d2c1bcb487cc26dd0d5f7d97098a6c","hash":"e30343caa239b419f866849e34c77a7506eba386"}
,"/Users/conorburke/workspace/native/seker/src/screens/ProfileScreen.js": {"path":"/Users/conorburke/workspace/native/seker/src/screens/ProfileScreen.js","statementMap":{"0":{"start":{"line":8,"column":4},"end":{"line":8,"column":17}},"1":{"start":{"line":9,"column":4},"end":{"line":9,"column":79}},"2":{"start":{"line":13,"column":4},"end":{"line":19,"column":5}},"3":{"start":{"line":14,"column":6},"end":{"line":18,"column":7}},"4":{"start":{"line":15,"column":8},"end":{"line":17,"column":10}},"5":{"start":{"line":20,"column":4},"end":{"line":33,"column":5}},"6":{"start":{"line":21,"column":20},"end":{"line":21,"column":30}},"7":{"start":{"line":22,"column":6},"end":{"line":32,"column":7}},"8":{"start":{"line":23,"column":8},"end":{"line":26,"column":10}},"9":{"start":{"line":27,"column":13},"end":{"line":32,"column":7}},"10":{"start":{"line":28,"column":8},"end":{"line":31,"column":10}},"11":{"start":{"line":37,"column":4},"end":{"line":41,"column":7}},"12":{"start":{"line":45,"column":4},"end":{"line":49,"column":7}},"13":{"start":{"line":53,"column":4},"end":{"line":53,"column":37}},"14":{"start":{"line":54,"column":4},"end":{"line":77,"column":5}},"15":{"start":{"line":81,"column":15},"end":{"line":91,"column":2}},"16":{"start":{"line":94,"column":2},"end":{"line":94,"column":33}}},"fnMap":{"0":{"name":"(anonymous_0)","decl":{"start":{"line":7,"column":2},"end":{"line":7,"column":3}},"loc":{"start":{"line":7,"column":21},"end":{"line":10,"column":3}},"line":7},"1":{"name":"(anonymous_1)","decl":{"start":{"line":12,"column":2},"end":{"line":12,"column":3}},"loc":{"start":{"line":12,"column":26},"end":{"line":34,"column":3}},"line":12},"2":{"name":"(anonymous_2)","decl":{"start":{"line":36,"column":2},"end":{"line":36,"column":3}},"loc":{"start":{"line":36,"column":23},"end":{"line":42,"column":3}},"line":36},"3":{"name":"(anonymous_3)","decl":{"start":{"line":44,"column":2},"end":{"line":44,"column":3}},"loc":{"start":{"line":44,"column":22},"end":{"line":50,"column":3}},"line":44},"4":{"name":"(anonymous_4)","decl":{"start":{"line":52,"column":2},"end":{"line":52,"column":3}},"loc":{"start":{"line":52,"column":11},"end":{"line":78,"column":3}},"line":52},"5":{"name":"mapStateToProps","decl":{"start":{"line":93,"column":9},"end":{"line":93,"column":24}},"loc":{"start":{"line":93,"column":32},"end":{"line":95,"column":1}},"line":93}},"branchMap":{"0":{"loc":{"start":{"line":13,"column":4},"end":{"line":19,"column":5}},"type":"if","locations":[{"start":{"line":13,"column":4},"end":{"line":19,"column":5}},{"start":{"line":13,"column":4},"end":{"line":19,"column":5}}],"line":13},"1":{"loc":{"start":{"line":14,"column":6},"end":{"line":18,"column":7}},"type":"if","locations":[{"start":{"line":14,"column":6},"end":{"line":18,"column":7}},{"start":{"line":14,"column":6},"end":{"line":18,"column":7}}],"line":14},"2":{"loc":{"start":{"line":20,"column":4},"end":{"line":33,"column":5}},"type":"if","locations":[{"start":{"line":20,"column":4},"end":{"line":33,"column":5}},{"start":{"line":20,"column":4},"end":{"line":33,"column":5}}],"line":20},"3":{"loc":{"start":{"line":22,"column":6},"end":{"line":32,"column":7}},"type":"if","locations":[{"start":{"line":22,"column":6},"end":{"line":32,"column":7}},{"start":{"line":22,"column":6},"end":{"line":32,"column":7}}],"line":22},"4":{"loc":{"start":{"line":27,"column":13},"end":{"line":32,"column":7}},"type":"if","locations":[{"start":{"line":27,"column":13},"end":{"line":32,"column":7}},{"start":{"line":27,"column":13},"end":{"line":32,"column":7}}],"line":27}},"s":{"0":0,"1":0,"2":0,"3":0,"4":0,"5":0,"6":0,"7":0,"8":0,"9":0,"10":0,"11":0,"12":0,"13":0,"14":0,"15":1,"16":0},"f":{"0":0,"1":0,"2":0,"3":0,"4":0,"5":0},"b":{"0":[0,0],"1":[0,0],"2":[0,0],"3":[0,0],"4":[0,0]},"_coverageSchema":"332fd63041d2c1bcb487cc26dd0d5f7d97098a6c","hash":"cd0f3091d7a79ccb50ed43abc0c12c4861de6027"}
,"/Users/conorburke/workspace/native/seker/src/screens/RentToolScreen.js": {"path":"/Users/conorburke/workspace/native/seker/src/screens/RentToolScreen.js","statementMap":{"0":{"start":{"line":15,"column":4},"end":{"line":22,"column":9}},"1":{"start":{"line":17,"column":8},"end":{"line":17,"column":51}},"2":{"start":{"line":20,"column":8},"end":{"line":20,"column":49}},"3":{"start":{"line":21,"column":8},"end":{"line":21,"column":24}},"4":{"start":{"line":26,"column":4},"end":{"line":50,"column":6}},"5":{"start":{"line":35,"column":39},"end":{"line":35,"column":65}},"6":{"start":{"line":42,"column":37},"end":{"line":42,"column":61}},"7":{"start":{"line":54,"column":15},"end":{"line":68,"column":2}}},"fnMap":{"0":{"name":"(anonymous_0)","decl":{"start":{"line":14,"column":2},"end":{"line":14,"column":3}},"loc":{"start":{"line":14,"column":17},"end":{"line":23,"column":3}},"line":14},"1":{"name":"(anonymous_1)","decl":{"start":{"line":16,"column":12},"end":{"line":16,"column":13}},"loc":{"start":{"line":16,"column":24},"end":{"line":18,"column":7}},"line":16},"2":{"name":"(anonymous_2)","decl":{"start":{"line":19,"column":13},"end":{"line":19,"column":14}},"loc":{"start":{"line":19,"column":20},"end":{"line":22,"column":7}},"line":19},"3":{"name":"(anonymous_3)","decl":{"start":{"line":25,"column":2},"end":{"line":25,"column":3}},"loc":{"start":{"line":25,"column":11},"end":{"line":51,"column":3}},"line":25},"4":{"name":"(anonymous_4)","decl":{"start":{"line":35,"column":26},"end":{"line":35,"column":27}},"loc":{"start":{"line":35,"column":39},"end":{"line":35,"column":65}},"line":35},"5":{"name":"(anonymous_5)","decl":{"start":{"line":42,"column":26},"end":{"line":42,"column":27}},"loc":{"start":{"line":42,"column":37},"end":{"line":42,"column":61}},"line":42}},"branchMap":{},"s":{"0":0,"1":0,"2":0,"3":0,"4":0,"5":0,"6":0,"7":1},"f":{"0":0,"1":0,"2":0,"3":0,"4":0,"5":0},"b":{},"_coverageSchema":"332fd63041d2c1bcb487cc26dd0d5f7d97098a6c","hash":"e44b213a2a777f150618c0fb5c148e8e5033085e"}
,"/Users/conorburke/workspace/native/seker/src/screens/SideDrawerScreen.js": {"path":"/Users/conorburke/workspace/native/seker/src/screens/SideDrawerScreen.js","statementMap":{"0":{"start":{"line":9,"column":4},"end":{"line":28,"column":7}},"1":{"start":{"line":11,"column":6},"end":{"line":14,"column":10}},"2":{"start":{"line":13,"column":10},"end":{"line":13,"column":39}},"3":{"start":{"line":15,"column":6},"end":{"line":27,"column":7}},"4":{"start":{"line":16,"column":8},"end":{"line":16,"column":24}},"5":{"start":{"line":18,"column":8},"end":{"line":18,"column":61}},"6":{"start":{"line":19,"column":8},"end":{"line":21,"column":11}},"7":{"start":{"line":22,"column":8},"end":{"line":26,"column":11}},"8":{"start":{"line":33,"column":4},"end":{"line":35,"column":7}},"9":{"start":{"line":36,"column":4},"end":{"line":40,"column":7}},"10":{"start":{"line":44,"column":4},"end":{"line":54,"column":9}},"11":{"start":{"line":46,"column":8},"end":{"line":48,"column":11}},"12":{"start":{"line":49,"column":8},"end":{"line":53,"column":11}},"13":{"start":{"line":58,"column":4},"end":{"line":80,"column":6}},"14":{"start":{"line":86,"column":15},"end":{"line":95,"column":2}}},"fnMap":{"0":{"name":"(anonymous_0)","decl":{"start":{"line":8,"column":2},"end":{"line":8,"column":3}},"loc":{"start":{"line":8,"column":13},"end":{"line":30,"column":3}},"line":8},"1":{"name":"(anonymous_1)","decl":{"start":{"line":10,"column":10},"end":{"line":10,"column":11}},"loc":{"start":{"line":10,"column":19},"end":{"line":28,"column":5}},"line":10},"2":{"name":"(anonymous_2)","decl":{"start":{"line":12,"column":14},"end":{"line":12,"column":15}},"loc":{"start":{"line":12,"column":21},"end":{"line":14,"column":9}},"line":12},"3":{"name":"(anonymous_3)","decl":{"start":{"line":32,"column":2},"end":{"line":32,"column":3}},"loc":{"start":{"line":32,"column":16},"end":{"line":41,"column":3}},"line":32},"4":{"name":"(anonymous_4)","decl":{"start":{"line":43,"column":2},"end":{"line":43,"column":3}},"loc":{"start":{"line":43,"column":17},"end":{"line":55,"column":3}},"line":43},"5":{"name":"(anonymous_5)","decl":{"start":{"line":45,"column":12},"end":{"line":45,"column":13}},"loc":{"start":{"line":45,"column":18},"end":{"line":54,"column":7}},"line":45},"6":{"name":"(anonymous_6)","decl":{"start":{"line":57,"column":2},"end":{"line":57,"column":3}},"loc":{"start":{"line":57,"column":11},"end":{"line":81,"column":3}},"line":57}},"branchMap":{"0":{"loc":{"start":{"line":15,"column":6},"end":{"line":27,"column":7}},"type":"if","locations":[{"start":{"line":15,"column":6},"end":{"line":27,"column":7}},{"start":{"line":15,"column":6},"end":{"line":27,"column":7}}],"line":15}},"s":{"0":0,"1":0,"2":0,"3":0,"4":0,"5":0,"6":0,"7":0,"8":0,"9":0,"10":0,"11":0,"12":0,"13":0,"14":1},"f":{"0":0,"1":0,"2":0,"3":0,"4":0,"5":0,"6":0},"b":{"0":[0,0]},"_coverageSchema":"332fd63041d2c1bcb487cc26dd0d5f7d97098a6c","hash":"6b912fbb45b1d63d95f2ccc671a062f409a65fe8"}
,"/Users/conorburke/workspace/native/seker/src/screens/ToolDetailScreen.js": {"path":"/Users/conorburke/workspace/native/seker/src/screens/ToolDetailScreen.js","statementMap":{"0":{"start":{"line":12,"column":4},"end":{"line":12,"column":40}},"1":{"start":{"line":16,"column":4},"end":{"line":21,"column":7}},"2":{"start":{"line":25,"column":4},"end":{"line":36,"column":5}},"3":{"start":{"line":40,"column":15},"end":{"line":48,"column":2}},"4":{"start":{"line":51,"column":2},"end":{"line":51,"column":30}}},"fnMap":{"0":{"name":"(anonymous_0)","decl":{"start":{"line":11,"column":2},"end":{"line":11,"column":3}},"loc":{"start":{"line":11,"column":22},"end":{"line":13,"column":3}},"line":11},"1":{"name":"(anonymous_1)","decl":{"start":{"line":15,"column":2},"end":{"line":15,"column":3}},"loc":{"start":{"line":15,"column":23},"end":{"line":22,"column":3}},"line":15},"2":{"name":"(anonymous_2)","decl":{"start":{"line":24,"column":2},"end":{"line":24,"column":3}},"loc":{"start":{"line":24,"column":11},"end":{"line":37,"column":3}},"line":24},"3":{"name":"mapStateToProps","decl":{"start":{"line":50,"column":9},"end":{"line":50,"column":24}},"loc":{"start":{"line":50,"column":32},"end":{"line":52,"column":1}},"line":50}},"branchMap":{},"s":{"0":0,"1":0,"2":0,"3":1,"4":0},"f":{"0":0,"1":0,"2":0,"3":0},"b":{},"_coverageSchema":"332fd63041d2c1bcb487cc26dd0d5f7d97098a6c","hash":"6ff0e6094ad9839d44c9112e349906029a49a3b1"}
,"/Users/conorburke/workspace/native/seker/src/screens/ToolsScreen.js": {"path":"/Users/conorburke/workspace/native/seker/src/screens/ToolsScreen.js","statementMap":{"0":{"start":{"line":14,"column":4},"end":{"line":14,"column":17}},"1":{"start":{"line":15,"column":4},"end":{"line":15,"column":79}},"2":{"start":{"line":21,"column":4},"end":{"line":21,"column":28}},"3":{"start":{"line":22,"column":4},"end":{"line":25,"column":10}},"4":{"start":{"line":24,"column":10},"end":{"line":24,"column":39}},"5":{"start":{"line":29,"column":4},"end":{"line":35,"column":5}},"6":{"start":{"line":30,"column":6},"end":{"line":34,"column":7}},"7":{"start":{"line":31,"column":8},"end":{"line":33,"column":10}},"8":{"start":{"line":36,"column":4},"end":{"line":44,"column":5}},"9":{"start":{"line":37,"column":20},"end":{"line":37,"column":30}},"10":{"start":{"line":38,"column":6},"end":{"line":43,"column":7}},"11":{"start":{"line":39,"column":8},"end":{"line":42,"column":10}},"12":{"start":{"line":48,"column":4},"end":{"line":52,"column":10}},"13":{"start":{"line":50,"column":8},"end":{"line":52,"column":8}},"14":{"start":{"line":56,"column":4},"end":{"line":84,"column":6}},"15":{"start":{"line":64,"column":14},"end":{"line":64,"column":47}},"16":{"start":{"line":65,"column":14},"end":{"line":65,"column":42}},"17":{"start":{"line":70,"column":45},"end":{"line":70,"column":143}},"18":{"start":{"line":72,"column":14},"end":{"line":72,"column":73}},"19":{"start":{"line":78,"column":14},"end":{"line":78,"column":82}},"20":{"start":{"line":79,"column":14},"end":{"line":79,"column":25}},"21":{"start":{"line":88,"column":15},"end":{"line":95,"column":2}},"22":{"start":{"line":98,"column":2},"end":{"line":104,"column":4}}},"fnMap":{"0":{"name":"(anonymous_0)","decl":{"start":{"line":13,"column":2},"end":{"line":13,"column":3}},"loc":{"start":{"line":13,"column":21},"end":{"line":16,"column":3}},"line":13},"1":{"name":"(anonymous_1)","decl":{"start":{"line":20,"column":2},"end":{"line":20,"column":3}},"loc":{"start":{"line":20,"column":22},"end":{"line":26,"column":3}},"line":20},"2":{"name":"(anonymous_2)","decl":{"start":{"line":23,"column":14},"end":{"line":23,"column":15}},"loc":{"start":{"line":23,"column":21},"end":{"line":25,"column":9}},"line":23},"3":{"name":"(anonymous_3)","decl":{"start":{"line":28,"column":2},"end":{"line":28,"column":3}},"loc":{"start":{"line":28,"column":26},"end":{"line":45,"column":3}},"line":28},"4":{"name":"(anonymous_4)","decl":{"start":{"line":47,"column":2},"end":{"line":47,"column":3}},"loc":{"start":{"line":47,"column":17},"end":{"line":53,"column":3}},"line":47},"5":{"name":"(anonymous_5)","decl":{"start":{"line":49,"column":12},"end":{"line":49,"column":13}},"loc":{"start":{"line":50,"column":8},"end":{"line":52,"column":8}},"line":50},"6":{"name":"(anonymous_6)","decl":{"start":{"line":55,"column":2},"end":{"line":55,"column":3}},"loc":{"start":{"line":55,"column":11},"end":{"line":85,"column":3}},"line":55},"7":{"name":"(anonymous_7)","decl":{"start":{"line":63,"column":26},"end":{"line":63,"column":27}},"loc":{"start":{"line":63,"column":36},"end":{"line":66,"column":13}},"line":63},"8":{"name":"(anonymous_8)","decl":{"start":{"line":70,"column":40},"end":{"line":70,"column":41}},"loc":{"start":{"line":70,"column":45},"end":{"line":70,"column":143}},"line":70},"9":{"name":"(anonymous_9)","decl":{"start":{"line":71,"column":22},"end":{"line":71,"column":23}},"loc":{"start":{"line":71,"column":34},"end":{"line":73,"column":13}},"line":71},"10":{"name":"(anonymous_10)","decl":{"start":{"line":75,"column":24},"end":{"line":75,"column":25}},"loc":{"start":{"line":75,"column":32},"end":{"line":80,"column":13}},"line":75},"11":{"name":"mapStateToProps","decl":{"start":{"line":97,"column":9},"end":{"line":97,"column":24}},"loc":{"start":{"line":97,"column":32},"end":{"line":105,"column":1}},"line":97}},"branchMap":{"0":{"loc":{"start":{"line":29,"column":4},"end":{"line":35,"column":5}},"type":"if","locations":[{"start":{"line":29,"column":4},"end":{"line":35,"column":5}},{"start":{"line":29,"column":4},"end":{"line":35,"column":5}}],"line":29},"1":{"loc":{"start":{"line":30,"column":6},"end":{"line":34,"column":7}},"type":"if","locations":[{"start":{"line":30,"column":6},"end":{"line":34,"column":7}},{"start":{"line":30,"column":6},"end":{"line":34,"column":7}}],"line":30},"2":{"loc":{"start":{"line":36,"column":4},"end":{"line":44,"column":5}},"type":"if","locations":[{"start":{"line":36,"column":4},"end":{"line":44,"column":5}},{"start":{"line":36,"column":4},"end":{"line":44,"column":5}}],"line":36},"3":{"loc":{"start":{"line":38,"column":6},"end":{"line":43,"column":7}},"type":"if","locations":[{"start":{"line":38,"column":6},"end":{"line":43,"column":7}},{"start":{"line":38,"column":6},"end":{"line":43,"column":7}}],"line":38},"4":{"loc":{"start":{"line":70,"column":45},"end":{"line":70,"column":143}},"type":"binary-expr","locations":[{"start":{"line":70,"column":45},"end":{"line":70,"column":119}},{"start":{"line":70,"column":123},"end":{"line":70,"column":143}}],"line":70},"5":{"loc":{"start":{"line":78,"column":14},"end":{"line":78,"column":81}},"type":"cond-expr","locations":[{"start":{"line":78,"column":24},"end":{"line":78,"column":48}},{"start":{"line":78,"column":51},"end":{"line":78,"column":81}}],"line":78}},"s":{"0":0,"1":0,"2":0,"3":0,"4":0,"5":0,"6":0,"7":0,"8":0,"9":0,"10":0,"11":0,"12":0,"13":0,"14":0,"15":0,"16":0,"17":0,"18":0,"19":0,"20":0,"21":1,"22":0},"f":{"0":0,"1":0,"2":0,"3":0,"4":0,"5":0,"6":0,"7":0,"8":0,"9":0,"10":0,"11":0},"b":{"0":[0,0],"1":[0,0],"2":[0,0],"3":[0,0],"4":[0,0],"5":[0,0]},"_coverageSchema":"332fd63041d2c1bcb487cc26dd0d5f7d97098a6c","hash":"0549214a9ece120e198b71b05befc41474a715c3"}
,"/Users/conorburke/workspace/native/seker/src/screens/UserDetailScreen.js": {"path":"/Users/conorburke/workspace/native/seker/src/screens/UserDetailScreen.js","statementMap":{"0":{"start":{"line":7,"column":4},"end":{"line":16,"column":5}}},"fnMap":{"0":{"name":"(anonymous_0)","decl":{"start":{"line":6,"column":2},"end":{"line":6,"column":3}},"loc":{"start":{"line":6,"column":11},"end":{"line":17,"column":3}},"line":6}},"branchMap":{},"s":{"0":0},"f":{"0":0},"b":{},"_coverageSchema":"332fd63041d2c1bcb487cc26dd0d5f7d97098a6c","hash":"dbc969643e3ecb2a8c3b7aadf3d2fe50b1f9e6fb"}
,"/Users/conorburke/workspace/native/seker/src/screens/UserToolsScreen.js": {"path":"/Users/conorburke/workspace/native/seker/src/screens/UserToolsScreen.js","statementMap":{"0":{"start":{"line":13,"column":4},"end":{"line":13,"column":17}},"1":{"start":{"line":14,"column":4},"end":{"line":14,"column":79}},"2":{"start":{"line":18,"column":4},"end":{"line":18,"column":53}},"3":{"start":{"line":22,"column":4},"end":{"line":28,"column":5}},"4":{"start":{"line":23,"column":6},"end":{"line":27,"column":7}},"5":{"start":{"line":24,"column":8},"end":{"line":26,"column":10}},"6":{"start":{"line":29,"column":4},"end":{"line":37,"column":5}},"7":{"start":{"line":30,"column":20},"end":{"line":30,"column":30}},"8":{"start":{"line":31,"column":6},"end":{"line":36,"column":7}},"9":{"start":{"line":32,"column":8},"end":{"line":35,"column":10}},"10":{"start":{"line":41,"column":4},"end":{"line":45,"column":10}},"11":{"start":{"line":43,"column":8},"end":{"line":45,"column":8}},"12":{"start":{"line":49,"column":4},"end":{"line":65,"column":6}},"13":{"start":{"line":54,"column":14},"end":{"line":54,"column":73}},"14":{"start":{"line":59,"column":14},"end":{"line":59,"column":82}},"15":{"start":{"line":60,"column":14},"end":{"line":60,"column":25}},"16":{"start":{"line":69,"column":15},"end":{"line":76,"column":2}},"17":{"start":{"line":79,"column":2},"end":{"line":82,"column":4}}},"fnMap":{"0":{"name":"(anonymous_0)","decl":{"start":{"line":12,"column":2},"end":{"line":12,"column":3}},"loc":{"start":{"line":12,"column":21},"end":{"line":15,"column":3}},"line":12},"1":{"name":"(anonymous_1)","decl":{"start":{"line":17,"column":2},"end":{"line":17,"column":3}},"loc":{"start":{"line":17,"column":22},"end":{"line":19,"column":3}},"line":17},"2":{"name":"(anonymous_2)","decl":{"start":{"line":21,"column":2},"end":{"line":21,"column":3}},"loc":{"start":{"line":21,"column":26},"end":{"line":38,"column":3}},"line":21},"3":{"name":"(anonymous_3)","decl":{"start":{"line":40,"column":2},"end":{"line":40,"column":3}},"loc":{"start":{"line":40,"column":17},"end":{"line":46,"column":3}},"line":40},"4":{"name":"(anonymous_4)","decl":{"start":{"line":42,"column":12},"end":{"line":42,"column":13}},"loc":{"start":{"line":43,"column":8},"end":{"line":45,"column":8}},"line":43},"5":{"name":"(anonymous_5)","decl":{"start":{"line":48,"column":2},"end":{"line":48,"column":3}},"loc":{"start":{"line":48,"column":11},"end":{"line":66,"column":3}},"line":48},"6":{"name":"(anonymous_6)","decl":{"start":{"line":53,"column":22},"end":{"line":53,"column":23}},"loc":{"start":{"line":53,"column":34},"end":{"line":55,"column":13}},"line":53},"7":{"name":"(anonymous_7)","decl":{"start":{"line":57,"column":24},"end":{"line":57,"column":25}},"loc":{"start":{"line":57,"column":32},"end":{"line":61,"column":13}},"line":57},"8":{"name":"mapStateToProps","decl":{"start":{"line":78,"column":9},"end":{"line":78,"column":24}},"loc":{"start":{"line":78,"column":32},"end":{"line":83,"column":1}},"line":78}},"branchMap":{"0":{"loc":{"start":{"line":22,"column":4},"end":{"line":28,"column":5}},"type":"if","locations":[{"start":{"line":22,"column":4},"end":{"line":28,"column":5}},{"start":{"line":22,"column":4},"end":{"line":28,"column":5}}],"line":22},"1":{"loc":{"start":{"line":23,"column":6},"end":{"line":27,"column":7}},"type":"if","locations":[{"start":{"line":23,"column":6},"end":{"line":27,"column":7}},{"start":{"line":23,"column":6},"end":{"line":27,"column":7}}],"line":23},"2":{"loc":{"start":{"line":29,"column":4},"end":{"line":37,"column":5}},"type":"if","locations":[{"start":{"line":29,"column":4},"end":{"line":37,"column":5}},{"start":{"line":29,"column":4},"end":{"line":37,"column":5}}],"line":29},"3":{"loc":{"start":{"line":31,"column":6},"end":{"line":36,"column":7}},"type":"if","locations":[{"start":{"line":31,"column":6},"end":{"line":36,"column":7}},{"start":{"line":31,"column":6},"end":{"line":36,"column":7}}],"line":31},"4":{"loc":{"start":{"line":59,"column":14},"end":{"line":59,"column":81}},"type":"cond-expr","locations":[{"start":{"line":59,"column":24},"end":{"line":59,"column":48}},{"start":{"line":59,"column":51},"end":{"line":59,"column":81}}],"line":59}},"s":{"0":0,"1":0,"2":0,"3":0,"4":0,"5":0,"6":0,"7":0,"8":0,"9":0,"10":0,"11":0,"12":0,"13":0,"14":0,"15":0,"16":1,"17":0},"f":{"0":0,"1":0,"2":0,"3":0,"4":0,"5":0,"6":0,"7":0,"8":0},"b":{"0":[0,0],"1":[0,0],"2":[0,0],"3":[0,0],"4":[0,0]},"_coverageSchema":"332fd63041d2c1bcb487cc26dd0d5f7d97098a6c","hash":"0b68dbff57359d7c61f4c4ac3c65758bccd279c6"}
,"/Users/conorburke/workspace/native/seker/src/screens/UsersScreen.js": {"path":"/Users/conorburke/workspace/native/seker/src/screens/UsersScreen.js","statementMap":{"0":{"start":{"line":12,"column":4},"end":{"line":12,"column":17}},"1":{"start":{"line":13,"column":4},"end":{"line":13,"column":79}},"2":{"start":{"line":19,"column":4},"end":{"line":19,"column":28}},"3":{"start":{"line":23,"column":4},"end":{"line":29,"column":5}},"4":{"start":{"line":24,"column":6},"end":{"line":28,"column":7}},"5":{"start":{"line":25,"column":8},"end":{"line":27,"column":10}},"6":{"start":{"line":30,"column":4},"end":{"line":38,"column":5}},"7":{"start":{"line":31,"column":20},"end":{"line":31,"column":30}},"8":{"start":{"line":32,"column":6},"end":{"line":37,"column":7}},"9":{"start":{"line":33,"column":8},"end":{"line":36,"column":10}},"10":{"start":{"line":42,"column":4},"end":{"line":68,"column":6}},"11":{"start":{"line":50,"column":14},"end":{"line":50,"column":42}},"12":{"start":{"line":55,"column":45},"end":{"line":55,"column":204}},"13":{"start":{"line":57,"column":14},"end":{"line":57,"column":74}},"14":{"start":{"line":62,"column":14},"end":{"line":62,"column":82}},"15":{"start":{"line":63,"column":14},"end":{"line":63,"column":25}},"16":{"start":{"line":72,"column":15},"end":{"line":79,"column":2}},"17":{"start":{"line":82,"column":2},"end":{"line":85,"column":4}}},"fnMap":{"0":{"name":"(anonymous_0)","decl":{"start":{"line":11,"column":2},"end":{"line":11,"column":3}},"loc":{"start":{"line":11,"column":21},"end":{"line":14,"column":3}},"line":11},"1":{"name":"(anonymous_1)","decl":{"start":{"line":18,"column":2},"end":{"line":18,"column":3}},"loc":{"start":{"line":18,"column":22},"end":{"line":20,"column":3}},"line":18},"2":{"name":"(anonymous_2)","decl":{"start":{"line":22,"column":2},"end":{"line":22,"column":3}},"loc":{"start":{"line":22,"column":26},"end":{"line":39,"column":3}},"line":22},"3":{"name":"(anonymous_3)","decl":{"start":{"line":41,"column":2},"end":{"line":41,"column":3}},"loc":{"start":{"line":41,"column":11},"end":{"line":69,"column":3}},"line":41},"4":{"name":"(anonymous_4)","decl":{"start":{"line":49,"column":26},"end":{"line":49,"column":27}},"loc":{"start":{"line":49,"column":36},"end":{"line":51,"column":13}},"line":49},"5":{"name":"(anonymous_5)","decl":{"start":{"line":55,"column":40},"end":{"line":55,"column":41}},"loc":{"start":{"line":55,"column":45},"end":{"line":55,"column":204}},"line":55},"6":{"name":"(anonymous_6)","decl":{"start":{"line":56,"column":22},"end":{"line":56,"column":23}},"loc":{"start":{"line":56,"column":34},"end":{"line":58,"column":13}},"line":56},"7":{"name":"(anonymous_7)","decl":{"start":{"line":60,"column":24},"end":{"line":60,"column":25}},"loc":{"start":{"line":60,"column":32},"end":{"line":64,"column":13}},"line":60},"8":{"name":"mapStateToProps","decl":{"start":{"line":81,"column":9},"end":{"line":81,"column":24}},"loc":{"start":{"line":81,"column":32},"end":{"line":86,"column":1}},"line":81}},"branchMap":{"0":{"loc":{"start":{"line":23,"column":4},"end":{"line":29,"column":5}},"type":"if","locations":[{"start":{"line":23,"column":4},"end":{"line":29,"column":5}},{"start":{"line":23,"column":4},"end":{"line":29,"column":5}}],"line":23},"1":{"loc":{"start":{"line":24,"column":6},"end":{"line":28,"column":7}},"type":"if","locations":[{"start":{"line":24,"column":6},"end":{"line":28,"column":7}},{"start":{"line":24,"column":6},"end":{"line":28,"column":7}}],"line":24},"2":{"loc":{"start":{"line":30,"column":4},"end":{"line":38,"column":5}},"type":"if","locations":[{"start":{"line":30,"column":4},"end":{"line":38,"column":5}},{"start":{"line":30,"column":4},"end":{"line":38,"column":5}}],"line":30},"3":{"loc":{"start":{"line":32,"column":6},"end":{"line":37,"column":7}},"type":"if","locations":[{"start":{"line":32,"column":6},"end":{"line":37,"column":7}},{"start":{"line":32,"column":6},"end":{"line":37,"column":7}}],"line":32},"4":{"loc":{"start":{"line":55,"column":45},"end":{"line":55,"column":204}},"type":"binary-expr","locations":[{"start":{"line":55,"column":45},"end":{"line":55,"column":123}},{"start":{"line":55,"column":127},"end":{"line":55,"column":204}}],"line":55},"5":{"loc":{"start":{"line":62,"column":14},"end":{"line":62,"column":81}},"type":"cond-expr","locations":[{"start":{"line":62,"column":24},"end":{"line":62,"column":48}},{"start":{"line":62,"column":51},"end":{"line":62,"column":81}}],"line":62}},"s":{"0":0,"1":0,"2":0,"3":0,"4":0,"5":0,"6":0,"7":0,"8":0,"9":0,"10":0,"11":0,"12":0,"13":0,"14":0,"15":0,"16":1,"17":0},"f":{"0":0,"1":0,"2":0,"3":0,"4":0,"5":0,"6":0,"7":0,"8":0},"b":{"0":[0,0],"1":[0,0],"2":[0,0],"3":[0,0],"4":[0,0],"5":[0,0]},"_coverageSchema":"332fd63041d2c1bcb487cc26dd0d5f7d97098a6c","hash":"91653030123bf07192d0123b23b549ccadf48083"}
,"/Users/conorburke/workspace/native/seker/src/screens/WelcomeScreen.js": {"path":"/Users/conorburke/workspace/native/seker/src/screens/WelcomeScreen.js","statementMap":{"0":{"start":{"line":13,"column":19},"end":{"line":20,"column":5}},"1":{"start":{"line":21,"column":4},"end":{"line":23,"column":5}},"2":{"start":{"line":22,"column":6},"end":{"line":22,"column":37}},"3":{"start":{"line":24,"column":4},"end":{"line":24,"column":26}},"4":{"start":{"line":26,"column":4},"end":{"line":35,"column":7}},"5":{"start":{"line":28,"column":6},"end":{"line":31,"column":10}},"6":{"start":{"line":30,"column":10},"end":{"line":30,"column":39}},"7":{"start":{"line":32,"column":6},"end":{"line":34,"column":7}},"8":{"start":{"line":33,"column":8},"end":{"line":33,"column":24}},"9":{"start":{"line":40,"column":4},"end":{"line":40,"column":20}},"10":{"start":{"line":44,"column":4},"end":{"line":51,"column":5}},"11":{"start":{"line":58,"column":2},"end":{"line":58,"column":27}}},"fnMap":{"0":{"name":"(anonymous_0)","decl":{"start":{"line":12,"column":2},"end":{"line":12,"column":3}},"loc":{"start":{"line":12,"column":22},"end":{"line":37,"column":3}},"line":12},"1":{"name":"(anonymous_1)","decl":{"start":{"line":27,"column":10},"end":{"line":27,"column":11}},"loc":{"start":{"line":27,"column":19},"end":{"line":35,"column":5}},"line":27},"2":{"name":"(anonymous_2)","decl":{"start":{"line":29,"column":14},"end":{"line":29,"column":15}},"loc":{"start":{"line":29,"column":21},"end":{"line":31,"column":9}},"line":29},"3":{"name":"(anonymous_3)","decl":{"start":{"line":39,"column":17},"end":{"line":39,"column":18}},"loc":{"start":{"line":39,"column":23},"end":{"line":41,"column":3}},"line":39},"4":{"name":"(anonymous_4)","decl":{"start":{"line":43,"column":2},"end":{"line":43,"column":3}},"loc":{"start":{"line":43,"column":11},"end":{"line":52,"column":3}},"line":43},"5":{"name":"mapStateToProps","decl":{"start":{"line":57,"column":9},"end":{"line":57,"column":24}},"loc":{"start":{"line":57,"column":32},"end":{"line":59,"column":1}},"line":57}},"branchMap":{"0":{"loc":{"start":{"line":21,"column":4},"end":{"line":23,"column":5}},"type":"if","locations":[{"start":{"line":21,"column":4},"end":{"line":23,"column":5}},{"start":{"line":21,"column":4},"end":{"line":23,"column":5}}],"line":21},"1":{"loc":{"start":{"line":32,"column":6},"end":{"line":34,"column":7}},"type":"if","locations":[{"start":{"line":32,"column":6},"end":{"line":34,"column":7}},{"start":{"line":32,"column":6},"end":{"line":34,"column":7}}],"line":32}},"s":{"0":0,"1":0,"2":0,"3":0,"4":0,"5":0,"6":0,"7":0,"8":0,"9":0,"10":0,"11":0},"f":{"0":0,"1":0,"2":0,"3":0,"4":0,"5":0},"b":{"0":[0,0],"1":[0,0]},"_coverageSchema":"332fd63041d2c1bcb487cc26dd0d5f7d97098a6c","hash":"04ed714c9e20b7f47b7577a72aab81c39ff025ca"}
,"/Users/conorburke/workspace/native/seker/src/screens/keys.js": {"path":"/Users/conorburke/workspace/native/seker/src/screens/keys.js","statementMap":{},"fnMap":{},"branchMap":{},"s":{},"f":{},"b":{},"_coverageSchema":"332fd63041d2c1bcb487cc26dd0d5f7d97098a6c","hash":"b36a2a47e9b7f51dc09f4edb6b13245ed0d8af61"}
,"/Users/conorburke/workspace/native/seker/src/screens/startMainTabs.js": {"path":"/Users/conorburke/workspace/native/seker/src/screens/startMainTabs.js","statementMap":{"0":{"start":{"line":4,"column":22},"end":{"line":66,"column":1}},"1":{"start":{"line":5,"column":2},"end":{"line":65,"column":4}},"2":{"start":{"line":11,"column":4},"end":{"line":64,"column":7}}},"fnMap":{"0":{"name":"(anonymous_0)","decl":{"start":{"line":4,"column":22},"end":{"line":4,"column":23}},"loc":{"start":{"line":4,"column":28},"end":{"line":66,"column":1}},"line":4},"1":{"name":"(anonymous_1)","decl":{"start":{"line":10,"column":10},"end":{"line":10,"column":11}},"loc":{"start":{"line":10,"column":21},"end":{"line":65,"column":3}},"line":10}},"branchMap":{},"s":{"0":1,"1":0,"2":0},"f":{"0":0,"1":0},"b":{},"_coverageSchema":"332fd63041d2c1bcb487cc26dd0d5f7d97098a6c","hash":"1bfbc860d10834a8705969834140f36faa60354b"}
,"/Users/conorburke/workspace/native/seker/src/utils/index.js": {"path":"/Users/conorburke/workspace/native/seker/src/utils/index.js","statementMap":{"0":{"start":{"line":1,"column":12},"end":{"line":1,"column":14}},"1":{"start":{"line":3,"column":0},"end":{"line":7,"column":1}},"2":{"start":{"line":4,"column":2},"end":{"line":4,"column":36}},"3":{"start":{"line":5,"column":7},"end":{"line":7,"column":1}},"4":{"start":{"line":6,"column":2},"end":{"line":6,"column":40}}},"fnMap":{},"branchMap":{"0":{"loc":{"start":{"line":3,"column":0},"end":{"line":7,"column":1}},"type":"if","locations":[{"start":{"line":3,"column":0},"end":{"line":7,"column":1}},{"start":{"line":3,"column":0},"end":{"line":7,"column":1}}],"line":3},"1":{"loc":{"start":{"line":5,"column":7},"end":{"line":7,"column":1}},"type":"if","locations":[{"start":{"line":5,"column":7},"end":{"line":7,"column":1}},{"start":{"line":5,"column":7},"end":{"line":7,"column":1}}],"line":5}},"s":{"0":1,"1":1,"2":0,"3":1,"4":0},"f":{},"b":{"0":[0,1],"1":[0,1]},"_coverageSchema":"332fd63041d2c1bcb487cc26dd0d5f7d97098a6c","hash":"21e3c5df1f1337fa52411715be6a0d2ba7a102d6"}
}
